This file contains any messages produced by compilers while
running configure, to aid debugging if configure makes a mistake.

It was created by psmisc configure 22.14, which was
generated by GNU Autoconf 2.65.  Invocation command line was

  $ ./configure --prefix=/data/new/rk_ok/install/

## --------- ##
## Platform. ##
## --------- ##

hostname = localhost.localdomain
uname -m = i686
uname -r = 2.6.18-308.1.1.el5
uname -s = Linux
uname -v = #1 SMP Wed Mar 7 04:17:30 EST 2012

/usr/bin/uname -p = unknown
/bin/uname -X     = unknown

/bin/arch              = i686
/usr/bin/arch -k       = unknown
/usr/convex/getsysinfo = unknown
/usr/bin/hostinfo      = unknown
/bin/machine           = unknown
/usr/bin/oslevel       = unknown
/bin/universe          = unknown

PATH: /usr/kerberos/sbin
PATH: /usr/kerberos/bin
PATH: /usr/local/sbin
PATH: /usr/local/bin
PATH: /sbin
PATH: /bin
PATH: /usr/sbin
PATH: /usr/bin
PATH: /root/bin


## ----------- ##
## Core tests. ##
## ----------- ##

configure:2317: checking for a BSD-compatible install
configure:2385: result: /usr/bin/install -c
configure:2396: checking whether build environment is sane
configure:2446: result: yes
configure:2587: checking for a thread-safe mkdir -p
configure:2626: result: /bin/mkdir -p
configure:2639: checking for gawk
configure:2655: found /bin/gawk
configure:2666: result: gawk
configure:2677: checking whether make sets $(MAKE)
configure:2699: result: yes
configure:2828: checking for gcc
configure:2844: found /usr/bin/gcc
configure:2855: result: gcc
configure:3084: checking for C compiler version
configure:3093: gcc --version >&5
gcc (GCC) 4.1.2 20080704 (Red Hat 4.1.2-52)
Copyright (C) 2006 Free Software Foundation, Inc.
This is free software; see the source for copying conditions.  There is NO
warranty; not even for MERCHANTABILITY or FITNESS FOR A PARTICULAR PURPOSE.

configure:3104: $? = 0
configure:3093: gcc -v >&5
Using built-in specs.
Target: i386-redhat-linux
Configured with: ../configure --prefix=/usr --mandir=/usr/share/man --infodir=/usr/share/info --enable-shared --enable-threads=posix --enable-checking=release --with-system-zlib --enable-__cxa_atexit --disable-libunwind-exceptions --enable-libgcj-multifile --enable-languages=c,c++,objc,obj-c++,java,fortran,ada --enable-java-awt=gtk --disable-dssi --disable-plugin --with-java-home=/usr/lib/jvm/java-1.4.2-gcj-1.4.2.0/jre --with-cpu=generic --host=i386-redhat-linux
Thread model: posix
gcc version 4.1.2 20080704 (Red Hat 4.1.2-52)
configure:3104: $? = 0
configure:3093: gcc -V >&5
gcc: '-V' option must have argument
configure:3104: $? = 1
configure:3093: gcc -qversion >&5
gcc: unrecognized option '-qversion'
gcc: no input files
configure:3104: $? = 1
configure:3124: checking whether the C compiler works
configure:3146: gcc    conftest.c  >&5
configure:3150: $? = 0
configure:3199: result: yes
configure:3202: checking for C compiler default output file name
configure:3204: result: a.out
configure:3210: checking for suffix of executables
configure:3217: gcc -o conftest    conftest.c  >&5
configure:3221: $? = 0
configure:3243: result: 
configure:3265: checking whether we are cross compiling
configure:3273: gcc -o conftest    conftest.c  >&5
configure:3277: $? = 0
configure:3284: ./conftest
configure:3288: $? = 0
configure:3303: result: no
configure:3308: checking for suffix of object files
configure:3330: gcc -c   conftest.c >&5
configure:3334: $? = 0
configure:3355: result: o
configure:3359: checking whether we are using the GNU C compiler
configure:3378: gcc -c   conftest.c >&5
configure:3378: $? = 0
configure:3387: result: yes
configure:3396: checking whether gcc accepts -g
configure:3416: gcc -c -g  conftest.c >&5
configure:3416: $? = 0
configure:3457: result: yes
configure:3474: checking for gcc option to accept ISO C89
configure:3538: gcc  -c -g -O2  conftest.c >&5
configure:3538: $? = 0
configure:3551: result: none needed
configure:3582: checking for style of include used by make
configure:3610: result: GNU
configure:3635: checking dependency style of gcc
configure:3745: result: gcc3
configure:3760: checking whether make sets $(MAKE)
configure:3782: result: yes
configure:3791: checking whether ln -s works
configure:3795: result: yes
configure:3876: checking for tgetent in -ltinfo
configure:3901: gcc -o conftest -g -O2   conftest.c -ltinfo   >&5
/usr/bin/ld: cannot find -ltinfo
collect2: ld returned 1 exit status
configure:3901: $? = 1
configure: failed program was:
| /* confdefs.h */
| #define PACKAGE_NAME "psmisc"
| #define PACKAGE_TARNAME "psmisc"
| #define PACKAGE_VERSION "22.14"
| #define PACKAGE_STRING "psmisc 22.14"
| #define PACKAGE_BUGREPORT ""
| #define PACKAGE_URL ""
| #define PACKAGE "psmisc"
| #define VERSION "22.14"
| #define WITH_IPV6 1
| /* end confdefs.h.  */
| 
| /* Override any GCC internal prototype to avoid an error.
|    Use char because int might match the return type of a GCC
|    builtin and then its argument prototype would still apply.  */
| #ifdef __cplusplus
| extern "C"
| #endif
| char tgetent ();
| int
| main ()
| {
| return tgetent ();
|   ;
|   return 0;
| }
configure:3910: result: no
configure:3915: checking for tgetent in -lncurses
configure:3940: gcc -o conftest -g -O2   conftest.c -lncurses   >&5
configure:3940: $? = 0
configure:3949: result: yes
configure:4008: checking for dirent.h that defines DIR
configure:4027: gcc -c -g -O2  conftest.c >&5
configure:4027: $? = 0
configure:4035: result: yes
configure:4049: checking for library containing opendir
configure:4080: gcc -o conftest -g -O2   conftest.c  >&5
configure:4080: $? = 0
configure:4097: result: none required
configure:4169: checking how to run the C preprocessor
configure:4200: gcc -E  conftest.c
configure:4200: $? = 0
configure:4214: gcc -E  conftest.c
conftest.c:13:28: error: ac_nonexistent.h: No such file or directory
configure:4214: $? = 1
configure: failed program was:
| /* confdefs.h */
| #define PACKAGE_NAME "psmisc"
| #define PACKAGE_TARNAME "psmisc"
| #define PACKAGE_VERSION "22.14"
| #define PACKAGE_STRING "psmisc 22.14"
| #define PACKAGE_BUGREPORT ""
| #define PACKAGE_URL ""
| #define PACKAGE "psmisc"
| #define VERSION "22.14"
| #define WITH_IPV6 1
| #define HAVE_DIRENT_H 1
| /* end confdefs.h.  */
| #include <ac_nonexistent.h>
configure:4239: result: gcc -E
configure:4259: gcc -E  conftest.c
configure:4259: $? = 0
configure:4273: gcc -E  conftest.c
conftest.c:13:28: error: ac_nonexistent.h: No such file or directory
configure:4273: $? = 1
configure: failed program was:
| /* confdefs.h */
| #define PACKAGE_NAME "psmisc"
| #define PACKAGE_TARNAME "psmisc"
| #define PACKAGE_VERSION "22.14"
| #define PACKAGE_STRING "psmisc 22.14"
| #define PACKAGE_BUGREPORT ""
| #define PACKAGE_URL ""
| #define PACKAGE "psmisc"
| #define VERSION "22.14"
| #define WITH_IPV6 1
| #define HAVE_DIRENT_H 1
| /* end confdefs.h.  */
| #include <ac_nonexistent.h>
configure:4302: checking for grep that handles long lines and -e
configure:4360: result: /bin/grep
configure:4365: checking for egrep
configure:4427: result: /bin/grep -E
configure:4432: checking for ANSI C header files
configure:4452: gcc -c -g -O2  conftest.c >&5
configure:4452: $? = 0
configure:4525: gcc -o conftest -g -O2   conftest.c  >&5
configure:4525: $? = 0
configure:4525: ./conftest
configure:4525: $? = 0
configure:4536: result: yes
configure:4544: checking for sys/wait.h that is POSIX.1 compatible
configure:4570: gcc -c -g -O2  conftest.c >&5
configure:4570: $? = 0
configure:4577: result: yes
configure:4590: checking for sys/types.h
configure:4590: gcc -c -g -O2  conftest.c >&5
configure:4590: $? = 0
configure:4590: result: yes
configure:4590: checking for sys/stat.h
configure:4590: gcc -c -g -O2  conftest.c >&5
configure:4590: $? = 0
configure:4590: result: yes
configure:4590: checking for stdlib.h
configure:4590: gcc -c -g -O2  conftest.c >&5
configure:4590: $? = 0
configure:4590: result: yes
configure:4590: checking for string.h
configure:4590: gcc -c -g -O2  conftest.c >&5
configure:4590: $? = 0
configure:4590: result: yes
configure:4590: checking for memory.h
configure:4590: gcc -c -g -O2  conftest.c >&5
configure:4590: $? = 0
configure:4590: result: yes
configure:4590: checking for strings.h
configure:4590: gcc -c -g -O2  conftest.c >&5
configure:4590: $? = 0
configure:4590: result: yes
configure:4590: checking for inttypes.h
configure:4590: gcc -c -g -O2  conftest.c >&5
configure:4590: $? = 0
configure:4590: result: yes
configure:4590: checking for stdint.h
configure:4590: gcc -c -g -O2  conftest.c >&5
configure:4590: $? = 0
configure:4590: result: yes
configure:4590: checking for unistd.h
configure:4590: gcc -c -g -O2  conftest.c >&5
configure:4590: $? = 0
configure:4590: result: yes
configure:4606: checking arpa/inet.h usability
configure:4606: gcc -c -g -O2  conftest.c >&5
configure:4606: $? = 0
configure:4606: result: yes
configure:4606: checking arpa/inet.h presence
configure:4606: gcc -E  conftest.c
configure:4606: $? = 0
configure:4606: result: yes
configure:4606: checking for arpa/inet.h
configure:4606: result: yes
configure:4606: checking fcntl.h usability
configure:4606: gcc -c -g -O2  conftest.c >&5
configure:4606: $? = 0
configure:4606: result: yes
configure:4606: checking fcntl.h presence
configure:4606: gcc -E  conftest.c
configure:4606: $? = 0
configure:4606: result: yes
configure:4606: checking for fcntl.h
configure:4606: result: yes
configure:4606: checking langinfo.h usability
configure:4606: gcc -c -g -O2  conftest.c >&5
configure:4606: $? = 0
configure:4606: result: yes
configure:4606: checking langinfo.h presence
configure:4606: gcc -E  conftest.c
configure:4606: $? = 0
configure:4606: result: yes
configure:4606: checking for langinfo.h
configure:4606: result: yes
configure:4606: checking libintl.h usability
configure:4606: gcc -c -g -O2  conftest.c >&5
configure:4606: $? = 0
configure:4606: result: yes
configure:4606: checking libintl.h presence
configure:4606: gcc -E  conftest.c
configure:4606: $? = 0
configure:4606: result: yes
configure:4606: checking for libintl.h
configure:4606: result: yes
configure:4606: checking limits.h usability
configure:4606: gcc -c -g -O2  conftest.c >&5
configure:4606: $? = 0
configure:4606: result: yes
configure:4606: checking limits.h presence
configure:4606: gcc -E  conftest.c
configure:4606: $? = 0
configure:4606: result: yes
configure:4606: checking for limits.h
configure:4606: result: yes
configure:4606: checking locale.h usability
configure:4606: gcc -c -g -O2  conftest.c >&5
configure:4606: $? = 0
configure:4606: result: yes
configure:4606: checking locale.h presence
configure:4606: gcc -E  conftest.c
configure:4606: $? = 0
configure:4606: result: yes
configure:4606: checking for locale.h
configure:4606: result: yes
configure:4606: checking mntent.h usability
configure:4606: gcc -c -g -O2  conftest.c >&5
configure:4606: $? = 0
configure:4606: result: yes
configure:4606: checking mntent.h presence
configure:4606: gcc -E  conftest.c
configure:4606: $? = 0
configure:4606: result: yes
configure:4606: checking for mntent.h
configure:4606: result: yes
configure:4606: checking netdb.h usability
configure:4606: gcc -c -g -O2  conftest.c >&5
configure:4606: $? = 0
configure:4606: result: yes
configure:4606: checking netdb.h presence
configure:4606: gcc -E  conftest.c
configure:4606: $? = 0
configure:4606: result: yes
configure:4606: checking for netdb.h
configure:4606: result: yes
configure:4606: checking netinet/in.h usability
configure:4606: gcc -c -g -O2  conftest.c >&5
configure:4606: $? = 0
configure:4606: result: yes
configure:4606: checking netinet/in.h presence
configure:4606: gcc -E  conftest.c
configure:4606: $? = 0
configure:4606: result: yes
configure:4606: checking for netinet/in.h
configure:4606: result: yes
configure:4606: checking for stdlib.h
configure:4606: result: yes
configure:4606: checking for string.h
configure:4606: result: yes
configure:4606: checking sys/ioctl.h usability
configure:4606: gcc -c -g -O2  conftest.c >&5
configure:4606: $? = 0
configure:4606: result: yes
configure:4606: checking sys/ioctl.h presence
configure:4606: gcc -E  conftest.c
configure:4606: $? = 0
configure:4606: result: yes
configure:4606: checking for sys/ioctl.h
configure:4606: result: yes
configure:4606: checking sys/socket.h usability
configure:4606: gcc -c -g -O2  conftest.c >&5
configure:4606: $? = 0
configure:4606: result: yes
configure:4606: checking sys/socket.h presence
configure:4606: gcc -E  conftest.c
configure:4606: $? = 0
configure:4606: result: yes
configure:4606: checking for sys/socket.h
configure:4606: result: yes
configure:4606: checking termios.h usability
configure:4606: gcc -c -g -O2  conftest.c >&5
configure:4606: $? = 0
configure:4606: result: yes
configure:4606: checking termios.h presence
configure:4606: gcc -E  conftest.c
configure:4606: $? = 0
configure:4606: result: yes
configure:4606: checking for termios.h
configure:4606: result: yes
configure:4606: checking for unistd.h
configure:4606: result: yes
configure:4618: checking for an ANSI C-conforming const
configure:4683: gcc -c -g -O2  conftest.c >&5
configure:4683: $? = 0
configure:4690: result: yes
configure:4698: checking for pid_t
configure:4698: gcc -c -g -O2  conftest.c >&5
configure:4698: $? = 0
configure:4698: gcc -c -g -O2  conftest.c >&5
conftest.c: In function 'main':
conftest.c:75: error: expected expression before ')' token
configure:4698: $? = 1
configure: failed program was:
| /* confdefs.h */
| #define PACKAGE_NAME "psmisc"
| #define PACKAGE_TARNAME "psmisc"
| #define PACKAGE_VERSION "22.14"
| #define PACKAGE_STRING "psmisc 22.14"
| #define PACKAGE_BUGREPORT ""
| #define PACKAGE_URL ""
| #define PACKAGE "psmisc"
| #define VERSION "22.14"
| #define WITH_IPV6 1
| #define HAVE_DIRENT_H 1
| #define STDC_HEADERS 1
| #define HAVE_SYS_WAIT_H 1
| #define HAVE_SYS_TYPES_H 1
| #define HAVE_SYS_STAT_H 1
| #define HAVE_STDLIB_H 1
| #define HAVE_STRING_H 1
| #define HAVE_MEMORY_H 1
| #define HAVE_STRINGS_H 1
| #define HAVE_INTTYPES_H 1
| #define HAVE_STDINT_H 1
| #define HAVE_UNISTD_H 1
| #define HAVE_ARPA_INET_H 1
| #define HAVE_FCNTL_H 1
| #define HAVE_LANGINFO_H 1
| #define HAVE_LIBINTL_H 1
| #define HAVE_LIMITS_H 1
| #define HAVE_LOCALE_H 1
| #define HAVE_MNTENT_H 1
| #define HAVE_NETDB_H 1
| #define HAVE_NETINET_IN_H 1
| #define HAVE_STDLIB_H 1
| #define HAVE_STRING_H 1
| #define HAVE_SYS_IOCTL_H 1
| #define HAVE_SYS_SOCKET_H 1
| #define HAVE_TERMIOS_H 1
| #define HAVE_UNISTD_H 1
| /* end confdefs.h.  */
| #include <stdio.h>
| #ifdef HAVE_SYS_TYPES_H
| # include <sys/types.h>
| #endif
| #ifdef HAVE_SYS_STAT_H
| # include <sys/stat.h>
| #endif
| #ifdef STDC_HEADERS
| # include <stdlib.h>
| # include <stddef.h>
| #else
| # ifdef HAVE_STDLIB_H
| #  include <stdlib.h>
| # endif
| #endif
| #ifdef HAVE_STRING_H
| # if !defined STDC_HEADERS && defined HAVE_MEMORY_H
| #  include <memory.h>
| # endif
| # include <string.h>
| #endif
| #ifdef HAVE_STRINGS_H
| # include <strings.h>
| #endif
| #ifdef HAVE_INTTYPES_H
| # include <inttypes.h>
| #endif
| #ifdef HAVE_STDINT_H
| # include <stdint.h>
| #endif
| #ifdef HAVE_UNISTD_H
| # include <unistd.h>
| #endif
| int
| main ()
| {
| if (sizeof ((pid_t)))
| 	    return 0;
|   ;
|   return 0;
| }
configure:4698: result: yes
configure:4709: checking for size_t
configure:4709: gcc -c -g -O2  conftest.c >&5
configure:4709: $? = 0
configure:4709: gcc -c -g -O2  conftest.c >&5
conftest.c: In function 'main':
conftest.c:75: error: expected expression before ')' token
configure:4709: $? = 1
configure: failed program was:
| /* confdefs.h */
| #define PACKAGE_NAME "psmisc"
| #define PACKAGE_TARNAME "psmisc"
| #define PACKAGE_VERSION "22.14"
| #define PACKAGE_STRING "psmisc 22.14"
| #define PACKAGE_BUGREPORT ""
| #define PACKAGE_URL ""
| #define PACKAGE "psmisc"
| #define VERSION "22.14"
| #define WITH_IPV6 1
| #define HAVE_DIRENT_H 1
| #define STDC_HEADERS 1
| #define HAVE_SYS_WAIT_H 1
| #define HAVE_SYS_TYPES_H 1
| #define HAVE_SYS_STAT_H 1
| #define HAVE_STDLIB_H 1
| #define HAVE_STRING_H 1
| #define HAVE_MEMORY_H 1
| #define HAVE_STRINGS_H 1
| #define HAVE_INTTYPES_H 1
| #define HAVE_STDINT_H 1
| #define HAVE_UNISTD_H 1
| #define HAVE_ARPA_INET_H 1
| #define HAVE_FCNTL_H 1
| #define HAVE_LANGINFO_H 1
| #define HAVE_LIBINTL_H 1
| #define HAVE_LIMITS_H 1
| #define HAVE_LOCALE_H 1
| #define HAVE_MNTENT_H 1
| #define HAVE_NETDB_H 1
| #define HAVE_NETINET_IN_H 1
| #define HAVE_STDLIB_H 1
| #define HAVE_STRING_H 1
| #define HAVE_SYS_IOCTL_H 1
| #define HAVE_SYS_SOCKET_H 1
| #define HAVE_TERMIOS_H 1
| #define HAVE_UNISTD_H 1
| /* end confdefs.h.  */
| #include <stdio.h>
| #ifdef HAVE_SYS_TYPES_H
| # include <sys/types.h>
| #endif
| #ifdef HAVE_SYS_STAT_H
| # include <sys/stat.h>
| #endif
| #ifdef STDC_HEADERS
| # include <stdlib.h>
| # include <stddef.h>
| #else
| # ifdef HAVE_STDLIB_H
| #  include <stdlib.h>
| # endif
| #endif
| #ifdef HAVE_STRING_H
| # if !defined STDC_HEADERS && defined HAVE_MEMORY_H
| #  include <memory.h>
| # endif
| # include <string.h>
| #endif
| #ifdef HAVE_STRINGS_H
| # include <strings.h>
| #endif
| #ifdef HAVE_INTTYPES_H
| # include <inttypes.h>
| #endif
| #ifdef HAVE_STDINT_H
| # include <stdint.h>
| #endif
| #ifdef HAVE_UNISTD_H
| # include <unistd.h>
| #endif
| int
| main ()
| {
| if (sizeof ((size_t)))
| 	    return 0;
|   ;
|   return 0;
| }
configure:4709: result: yes
configure:4720: checking for struct stat.st_rdev
configure:4720: gcc -c -g -O2  conftest.c >&5
configure:4720: $? = 0
configure:4720: result: yes
configure:4730: checking for uid_t in sys/types.h
configure:4749: result: yes
configure:4762: checking whether NLS is requested
configure:4771: result: yes
configure:4809: checking for msgfmt
configure: trying /usr/bin/msgfmt...
0 translated messages.
configure:4841: result: /usr/bin/msgfmt
configure:4850: checking for gmsgfmt
configure:4881: result: /usr/bin/msgfmt
configure:4932: checking for xgettext
configure: trying /usr/bin/xgettext...
/usr/bin/xgettext: warning: file `/dev/null' extension `' is unknown; will try C
configure:4964: result: /usr/bin/xgettext
configure:5010: checking for msgmerge
configure: trying /usr/bin/msgmerge...
configure:5041: result: /usr/bin/msgmerge
configure:5075: checking build system type
configure:5089: result: i686-pc-linux-gnu
configure:5109: checking host system type
configure:5122: result: i686-pc-linux-gnu
configure:5166: checking for ld used by GCC
configure:5230: result: /usr/bin/ld
configure:5237: checking if the linker (/usr/bin/ld) is GNU ld
configure:5250: result: yes
configure:5257: checking for shared library run path origin
configure:5270: result: done
configure:5727: checking for CFPreferencesCopyAppValue
configure:5745: gcc -o conftest -g -O2   conftest.c  -Wl,-framework -Wl,CoreFoundation >&5
conftest.c:40:42: error: CoreFoundation/CFPreferences.h: No such file or directory
conftest.c: In function 'main':
conftest.c:44: error: 'NULL' undeclared (first use in this function)
conftest.c:44: error: (Each undeclared identifier is reported only once
conftest.c:44: error: for each function it appears in.)
configure:5745: $? = 1
configure: failed program was:
| /* confdefs.h */
| #define PACKAGE_NAME "psmisc"
| #define PACKAGE_TARNAME "psmisc"
| #define PACKAGE_VERSION "22.14"
| #define PACKAGE_STRING "psmisc 22.14"
| #define PACKAGE_BUGREPORT ""
| #define PACKAGE_URL ""
| #define PACKAGE "psmisc"
| #define VERSION "22.14"
| #define WITH_IPV6 1
| #define HAVE_DIRENT_H 1
| #define STDC_HEADERS 1
| #define HAVE_SYS_WAIT_H 1
| #define HAVE_SYS_TYPES_H 1
| #define HAVE_SYS_STAT_H 1
| #define HAVE_STDLIB_H 1
| #define HAVE_STRING_H 1
| #define HAVE_MEMORY_H 1
| #define HAVE_STRINGS_H 1
| #define HAVE_INTTYPES_H 1
| #define HAVE_STDINT_H 1
| #define HAVE_UNISTD_H 1
| #define HAVE_ARPA_INET_H 1
| #define HAVE_FCNTL_H 1
| #define HAVE_LANGINFO_H 1
| #define HAVE_LIBINTL_H 1
| #define HAVE_LIMITS_H 1
| #define HAVE_LOCALE_H 1
| #define HAVE_MNTENT_H 1
| #define HAVE_NETDB_H 1
| #define HAVE_NETINET_IN_H 1
| #define HAVE_STDLIB_H 1
| #define HAVE_STRING_H 1
| #define HAVE_SYS_IOCTL_H 1
| #define HAVE_SYS_SOCKET_H 1
| #define HAVE_TERMIOS_H 1
| #define HAVE_UNISTD_H 1
| #define HAVE_STRUCT_STAT_ST_RDEV 1
| /* end confdefs.h.  */
| #include <CoreFoundation/CFPreferences.h>
| int
| main ()
| {
| CFPreferencesCopyAppValue(NULL, NULL)
|   ;
|   return 0;
| }
configure:5754: result: no
configure:5761: checking for CFLocaleCopyCurrent
configure:5779: gcc -o conftest -g -O2   conftest.c  -Wl,-framework -Wl,CoreFoundation >&5
conftest.c:40:37: error: CoreFoundation/CFLocale.h: No such file or directory
configure:5779: $? = 1
configure: failed program was:
| /* confdefs.h */
| #define PACKAGE_NAME "psmisc"
| #define PACKAGE_TARNAME "psmisc"
| #define PACKAGE_VERSION "22.14"
| #define PACKAGE_STRING "psmisc 22.14"
| #define PACKAGE_BUGREPORT ""
| #define PACKAGE_URL ""
| #define PACKAGE "psmisc"
| #define VERSION "22.14"
| #define WITH_IPV6 1
| #define HAVE_DIRENT_H 1
| #define STDC_HEADERS 1
| #define HAVE_SYS_WAIT_H 1
| #define HAVE_SYS_TYPES_H 1
| #define HAVE_SYS_STAT_H 1
| #define HAVE_STDLIB_H 1
| #define HAVE_STRING_H 1
| #define HAVE_MEMORY_H 1
| #define HAVE_STRINGS_H 1
| #define HAVE_INTTYPES_H 1
| #define HAVE_STDINT_H 1
| #define HAVE_UNISTD_H 1
| #define HAVE_ARPA_INET_H 1
| #define HAVE_FCNTL_H 1
| #define HAVE_LANGINFO_H 1
| #define HAVE_LIBINTL_H 1
| #define HAVE_LIMITS_H 1
| #define HAVE_LOCALE_H 1
| #define HAVE_MNTENT_H 1
| #define HAVE_NETDB_H 1
| #define HAVE_NETINET_IN_H 1
| #define HAVE_STDLIB_H 1
| #define HAVE_STRING_H 1
| #define HAVE_SYS_IOCTL_H 1
| #define HAVE_SYS_SOCKET_H 1
| #define HAVE_TERMIOS_H 1
| #define HAVE_UNISTD_H 1
| #define HAVE_STRUCT_STAT_ST_RDEV 1
| /* end confdefs.h.  */
| #include <CoreFoundation/CFLocale.h>
| int
| main ()
| {
| CFLocaleCopyCurrent();
|   ;
|   return 0;
| }
configure:5788: result: no
configure:5837: checking for GNU gettext in libc
configure:5857: gcc -o conftest -g -O2   conftest.c  >&5
configure:5857: $? = 0
configure:5866: result: yes
configure:6472: checking whether to use NLS
configure:6474: result: yes
configure:6477: checking where the gettext function comes from
configure:6488: result: libc
configure:6547: checking for struct user_regs_struct.orig_eax
configure:6547: gcc -c -g -O2  conftest.c >&5
configure:6547: $? = 0
configure:6547: result: yes
configure:6558: checking for struct user_regs_struct.eax
configure:6558: gcc -c -g -O2  conftest.c >&5
configure:6558: $? = 0
configure:6558: result: yes
configure:6569: checking for struct user_regs_struct.ebx
configure:6569: gcc -c -g -O2  conftest.c >&5
configure:6569: $? = 0
configure:6569: result: yes
configure:6580: checking for struct user_regs_struct.ecx
configure:6580: gcc -c -g -O2  conftest.c >&5
configure:6580: $? = 0
configure:6580: result: yes
configure:6591: checking for struct user_regs_struct.edx
configure:6591: gcc -c -g -O2  conftest.c >&5
configure:6591: $? = 0
configure:6591: result: yes
configure:6602: checking for struct user_regs_struct.orig_rax
configure:6602: gcc -c -g -O2  conftest.c >&5
conftest.c: In function 'main':
conftest.c:55: error: 'struct user_regs_struct' has no member named 'orig_rax'
configure:6602: $? = 1
configure: failed program was:
| /* confdefs.h */
| #define PACKAGE_NAME "psmisc"
| #define PACKAGE_TARNAME "psmisc"
| #define PACKAGE_VERSION "22.14"
| #define PACKAGE_STRING "psmisc 22.14"
| #define PACKAGE_BUGREPORT ""
| #define PACKAGE_URL ""
| #define PACKAGE "psmisc"
| #define VERSION "22.14"
| #define WITH_IPV6 1
| #define HAVE_DIRENT_H 1
| #define STDC_HEADERS 1
| #define HAVE_SYS_WAIT_H 1
| #define HAVE_SYS_TYPES_H 1
| #define HAVE_SYS_STAT_H 1
| #define HAVE_STDLIB_H 1
| #define HAVE_STRING_H 1
| #define HAVE_MEMORY_H 1
| #define HAVE_STRINGS_H 1
| #define HAVE_INTTYPES_H 1
| #define HAVE_STDINT_H 1
| #define HAVE_UNISTD_H 1
| #define HAVE_ARPA_INET_H 1
| #define HAVE_FCNTL_H 1
| #define HAVE_LANGINFO_H 1
| #define HAVE_LIBINTL_H 1
| #define HAVE_LIMITS_H 1
| #define HAVE_LOCALE_H 1
| #define HAVE_MNTENT_H 1
| #define HAVE_NETDB_H 1
| #define HAVE_NETINET_IN_H 1
| #define HAVE_STDLIB_H 1
| #define HAVE_STRING_H 1
| #define HAVE_SYS_IOCTL_H 1
| #define HAVE_SYS_SOCKET_H 1
| #define HAVE_TERMIOS_H 1
| #define HAVE_UNISTD_H 1
| #define HAVE_STRUCT_STAT_ST_RDEV 1
| #define ENABLE_NLS 1
| #define HAVE_GETTEXT 1
| #define HAVE_DCGETTEXT 1
| #define HAVE_STRUCT_USER_REGS_STRUCT_ORIG_EAX 1
| #define HAVE_STRUCT_USER_REGS_STRUCT_EAX 1
| #define HAVE_STRUCT_USER_REGS_STRUCT_EBX 1
| #define HAVE_STRUCT_USER_REGS_STRUCT_ECX 1
| #define HAVE_STRUCT_USER_REGS_STRUCT_EDX 1
| /* end confdefs.h.  */
| #include <bits/types.h>
|      #include <sys/user.h>
| 
| int
| main ()
| {
| static struct user_regs_struct ac_aggr;
| if (ac_aggr.orig_rax)
| return 0;
|   ;
|   return 0;
| }
configure:6602: gcc -c -g -O2  conftest.c >&5
conftest.c: In function 'main':
conftest.c:55: error: 'struct user_regs_struct' has no member named 'orig_rax'
configure:6602: $? = 1
configure: failed program was:
| /* confdefs.h */
| #define PACKAGE_NAME "psmisc"
| #define PACKAGE_TARNAME "psmisc"
| #define PACKAGE_VERSION "22.14"
| #define PACKAGE_STRING "psmisc 22.14"
| #define PACKAGE_BUGREPORT ""
| #define PACKAGE_URL ""
| #define PACKAGE "psmisc"
| #define VERSION "22.14"
| #define WITH_IPV6 1
| #define HAVE_DIRENT_H 1
| #define STDC_HEADERS 1
| #define HAVE_SYS_WAIT_H 1
| #define HAVE_SYS_TYPES_H 1
| #define HAVE_SYS_STAT_H 1
| #define HAVE_STDLIB_H 1
| #define HAVE_STRING_H 1
| #define HAVE_MEMORY_H 1
| #define HAVE_STRINGS_H 1
| #define HAVE_INTTYPES_H 1
| #define HAVE_STDINT_H 1
| #define HAVE_UNISTD_H 1
| #define HAVE_ARPA_INET_H 1
| #define HAVE_FCNTL_H 1
| #define HAVE_LANGINFO_H 1
| #define HAVE_LIBINTL_H 1
| #define HAVE_LIMITS_H 1
| #define HAVE_LOCALE_H 1
| #define HAVE_MNTENT_H 1
| #define HAVE_NETDB_H 1
| #define HAVE_NETINET_IN_H 1
| #define HAVE_STDLIB_H 1
| #define HAVE_STRING_H 1
| #define HAVE_SYS_IOCTL_H 1
| #define HAVE_SYS_SOCKET_H 1
| #define HAVE_TERMIOS_H 1
| #define HAVE_UNISTD_H 1
| #define HAVE_STRUCT_STAT_ST_RDEV 1
| #define ENABLE_NLS 1
| #define HAVE_GETTEXT 1
| #define HAVE_DCGETTEXT 1
| #define HAVE_STRUCT_USER_REGS_STRUCT_ORIG_EAX 1
| #define HAVE_STRUCT_USER_REGS_STRUCT_EAX 1
| #define HAVE_STRUCT_USER_REGS_STRUCT_EBX 1
| #define HAVE_STRUCT_USER_REGS_STRUCT_ECX 1
| #define HAVE_STRUCT_USER_REGS_STRUCT_EDX 1
| /* end confdefs.h.  */
| #include <bits/types.h>
|      #include <sys/user.h>
| 
| int
| main ()
| {
| static struct user_regs_struct ac_aggr;
| if (sizeof ac_aggr.orig_rax)
| return 0;
|   ;
|   return 0;
| }
configure:6602: result: no
configure:6613: checking for struct user_regs_struct.rax
configure:6613: gcc -c -g -O2  conftest.c >&5
conftest.c: In function 'main':
conftest.c:55: error: 'struct user_regs_struct' has no member named 'rax'
configure:6613: $? = 1
configure: failed program was:
| /* confdefs.h */
| #define PACKAGE_NAME "psmisc"
| #define PACKAGE_TARNAME "psmisc"
| #define PACKAGE_VERSION "22.14"
| #define PACKAGE_STRING "psmisc 22.14"
| #define PACKAGE_BUGREPORT ""
| #define PACKAGE_URL ""
| #define PACKAGE "psmisc"
| #define VERSION "22.14"
| #define WITH_IPV6 1
| #define HAVE_DIRENT_H 1
| #define STDC_HEADERS 1
| #define HAVE_SYS_WAIT_H 1
| #define HAVE_SYS_TYPES_H 1
| #define HAVE_SYS_STAT_H 1
| #define HAVE_STDLIB_H 1
| #define HAVE_STRING_H 1
| #define HAVE_MEMORY_H 1
| #define HAVE_STRINGS_H 1
| #define HAVE_INTTYPES_H 1
| #define HAVE_STDINT_H 1
| #define HAVE_UNISTD_H 1
| #define HAVE_ARPA_INET_H 1
| #define HAVE_FCNTL_H 1
| #define HAVE_LANGINFO_H 1
| #define HAVE_LIBINTL_H 1
| #define HAVE_LIMITS_H 1
| #define HAVE_LOCALE_H 1
| #define HAVE_MNTENT_H 1
| #define HAVE_NETDB_H 1
| #define HAVE_NETINET_IN_H 1
| #define HAVE_STDLIB_H 1
| #define HAVE_STRING_H 1
| #define HAVE_SYS_IOCTL_H 1
| #define HAVE_SYS_SOCKET_H 1
| #define HAVE_TERMIOS_H 1
| #define HAVE_UNISTD_H 1
| #define HAVE_STRUCT_STAT_ST_RDEV 1
| #define ENABLE_NLS 1
| #define HAVE_GETTEXT 1
| #define HAVE_DCGETTEXT 1
| #define HAVE_STRUCT_USER_REGS_STRUCT_ORIG_EAX 1
| #define HAVE_STRUCT_USER_REGS_STRUCT_EAX 1
| #define HAVE_STRUCT_USER_REGS_STRUCT_EBX 1
| #define HAVE_STRUCT_USER_REGS_STRUCT_ECX 1
| #define HAVE_STRUCT_USER_REGS_STRUCT_EDX 1
| /* end confdefs.h.  */
| #include <bits/types.h>
|      #include <sys/user.h>
| 
| int
| main ()
| {
| static struct user_regs_struct ac_aggr;
| if (ac_aggr.rax)
| return 0;
|   ;
|   return 0;
| }
configure:6613: gcc -c -g -O2  conftest.c >&5
conftest.c: In function 'main':
conftest.c:55: error: 'struct user_regs_struct' has no member named 'rax'
configure:6613: $? = 1
configure: failed program was:
| /* confdefs.h */
| #define PACKAGE_NAME "psmisc"
| #define PACKAGE_TARNAME "psmisc"
| #define PACKAGE_VERSION "22.14"
| #define PACKAGE_STRING "psmisc 22.14"
| #define PACKAGE_BUGREPORT ""
| #define PACKAGE_URL ""
| #define PACKAGE "psmisc"
| #define VERSION "22.14"
| #define WITH_IPV6 1
| #define HAVE_DIRENT_H 1
| #define STDC_HEADERS 1
| #define HAVE_SYS_WAIT_H 1
| #define HAVE_SYS_TYPES_H 1
| #define HAVE_SYS_STAT_H 1
| #define HAVE_STDLIB_H 1
| #define HAVE_STRING_H 1
| #define HAVE_MEMORY_H 1
| #define HAVE_STRINGS_H 1
| #define HAVE_INTTYPES_H 1
| #define HAVE_STDINT_H 1
| #define HAVE_UNISTD_H 1
| #define HAVE_ARPA_INET_H 1
| #define HAVE_FCNTL_H 1
| #define HAVE_LANGINFO_H 1
| #define HAVE_LIBINTL_H 1
| #define HAVE_LIMITS_H 1
| #define HAVE_LOCALE_H 1
| #define HAVE_MNTENT_H 1
| #define HAVE_NETDB_H 1
| #define HAVE_NETINET_IN_H 1
| #define HAVE_STDLIB_H 1
| #define HAVE_STRING_H 1
| #define HAVE_SYS_IOCTL_H 1
| #define HAVE_SYS_SOCKET_H 1
| #define HAVE_TERMIOS_H 1
| #define HAVE_UNISTD_H 1
| #define HAVE_STRUCT_STAT_ST_RDEV 1
| #define ENABLE_NLS 1
| #define HAVE_GETTEXT 1
| #define HAVE_DCGETTEXT 1
| #define HAVE_STRUCT_USER_REGS_STRUCT_ORIG_EAX 1
| #define HAVE_STRUCT_USER_REGS_STRUCT_EAX 1
| #define HAVE_STRUCT_USER_REGS_STRUCT_EBX 1
| #define HAVE_STRUCT_USER_REGS_STRUCT_ECX 1
| #define HAVE_STRUCT_USER_REGS_STRUCT_EDX 1
| /* end confdefs.h.  */
| #include <bits/types.h>
|      #include <sys/user.h>
| 
| int
| main ()
| {
| static struct user_regs_struct ac_aggr;
| if (sizeof ac_aggr.rax)
| return 0;
|   ;
|   return 0;
| }
configure:6613: result: no
configure:6624: checking for struct user_regs_struct.rdi
configure:6624: gcc -c -g -O2  conftest.c >&5
conftest.c: In function 'main':
conftest.c:55: error: 'struct user_regs_struct' has no member named 'rdi'
configure:6624: $? = 1
configure: failed program was:
| /* confdefs.h */
| #define PACKAGE_NAME "psmisc"
| #define PACKAGE_TARNAME "psmisc"
| #define PACKAGE_VERSION "22.14"
| #define PACKAGE_STRING "psmisc 22.14"
| #define PACKAGE_BUGREPORT ""
| #define PACKAGE_URL ""
| #define PACKAGE "psmisc"
| #define VERSION "22.14"
| #define WITH_IPV6 1
| #define HAVE_DIRENT_H 1
| #define STDC_HEADERS 1
| #define HAVE_SYS_WAIT_H 1
| #define HAVE_SYS_TYPES_H 1
| #define HAVE_SYS_STAT_H 1
| #define HAVE_STDLIB_H 1
| #define HAVE_STRING_H 1
| #define HAVE_MEMORY_H 1
| #define HAVE_STRINGS_H 1
| #define HAVE_INTTYPES_H 1
| #define HAVE_STDINT_H 1
| #define HAVE_UNISTD_H 1
| #define HAVE_ARPA_INET_H 1
| #define HAVE_FCNTL_H 1
| #define HAVE_LANGINFO_H 1
| #define HAVE_LIBINTL_H 1
| #define HAVE_LIMITS_H 1
| #define HAVE_LOCALE_H 1
| #define HAVE_MNTENT_H 1
| #define HAVE_NETDB_H 1
| #define HAVE_NETINET_IN_H 1
| #define HAVE_STDLIB_H 1
| #define HAVE_STRING_H 1
| #define HAVE_SYS_IOCTL_H 1
| #define HAVE_SYS_SOCKET_H 1
| #define HAVE_TERMIOS_H 1
| #define HAVE_UNISTD_H 1
| #define HAVE_STRUCT_STAT_ST_RDEV 1
| #define ENABLE_NLS 1
| #define HAVE_GETTEXT 1
| #define HAVE_DCGETTEXT 1
| #define HAVE_STRUCT_USER_REGS_STRUCT_ORIG_EAX 1
| #define HAVE_STRUCT_USER_REGS_STRUCT_EAX 1
| #define HAVE_STRUCT_USER_REGS_STRUCT_EBX 1
| #define HAVE_STRUCT_USER_REGS_STRUCT_ECX 1
| #define HAVE_STRUCT_USER_REGS_STRUCT_EDX 1
| /* end confdefs.h.  */
| #include <bits/types.h>
|      #include <sys/user.h>
| 
| int
| main ()
| {
| static struct user_regs_struct ac_aggr;
| if (ac_aggr.rdi)
| return 0;
|   ;
|   return 0;
| }
configure:6624: gcc -c -g -O2  conftest.c >&5
conftest.c: In function 'main':
conftest.c:55: error: 'struct user_regs_struct' has no member named 'rdi'
configure:6624: $? = 1
configure: failed program was:
| /* confdefs.h */
| #define PACKAGE_NAME "psmisc"
| #define PACKAGE_TARNAME "psmisc"
| #define PACKAGE_VERSION "22.14"
| #define PACKAGE_STRING "psmisc 22.14"
| #define PACKAGE_BUGREPORT ""
| #define PACKAGE_URL ""
| #define PACKAGE "psmisc"
| #define VERSION "22.14"
| #define WITH_IPV6 1
| #define HAVE_DIRENT_H 1
| #define STDC_HEADERS 1
| #define HAVE_SYS_WAIT_H 1
| #define HAVE_SYS_TYPES_H 1
| #define HAVE_SYS_STAT_H 1
| #define HAVE_STDLIB_H 1
| #define HAVE_STRING_H 1
| #define HAVE_MEMORY_H 1
| #define HAVE_STRINGS_H 1
| #define HAVE_INTTYPES_H 1
| #define HAVE_STDINT_H 1
| #define HAVE_UNISTD_H 1
| #define HAVE_ARPA_INET_H 1
| #define HAVE_FCNTL_H 1
| #define HAVE_LANGINFO_H 1
| #define HAVE_LIBINTL_H 1
| #define HAVE_LIMITS_H 1
| #define HAVE_LOCALE_H 1
| #define HAVE_MNTENT_H 1
| #define HAVE_NETDB_H 1
| #define HAVE_NETINET_IN_H 1
| #define HAVE_STDLIB_H 1
| #define HAVE_STRING_H 1
| #define HAVE_SYS_IOCTL_H 1
| #define HAVE_SYS_SOCKET_H 1
| #define HAVE_TERMIOS_H 1
| #define HAVE_UNISTD_H 1
| #define HAVE_STRUCT_STAT_ST_RDEV 1
| #define ENABLE_NLS 1
| #define HAVE_GETTEXT 1
| #define HAVE_DCGETTEXT 1
| #define HAVE_STRUCT_USER_REGS_STRUCT_ORIG_EAX 1
| #define HAVE_STRUCT_USER_REGS_STRUCT_EAX 1
| #define HAVE_STRUCT_USER_REGS_STRUCT_EBX 1
| #define HAVE_STRUCT_USER_REGS_STRUCT_ECX 1
| #define HAVE_STRUCT_USER_REGS_STRUCT_EDX 1
| /* end confdefs.h.  */
| #include <bits/types.h>
|      #include <sys/user.h>
| 
| int
| main ()
| {
| static struct user_regs_struct ac_aggr;
| if (sizeof ac_aggr.rdi)
| return 0;
|   ;
|   return 0;
| }
configure:6624: result: no
configure:6635: checking for struct user_regs_struct.rsi
configure:6635: gcc -c -g -O2  conftest.c >&5
conftest.c: In function 'main':
conftest.c:55: error: 'struct user_regs_struct' has no member named 'rsi'
configure:6635: $? = 1
configure: failed program was:
| /* confdefs.h */
| #define PACKAGE_NAME "psmisc"
| #define PACKAGE_TARNAME "psmisc"
| #define PACKAGE_VERSION "22.14"
| #define PACKAGE_STRING "psmisc 22.14"
| #define PACKAGE_BUGREPORT ""
| #define PACKAGE_URL ""
| #define PACKAGE "psmisc"
| #define VERSION "22.14"
| #define WITH_IPV6 1
| #define HAVE_DIRENT_H 1
| #define STDC_HEADERS 1
| #define HAVE_SYS_WAIT_H 1
| #define HAVE_SYS_TYPES_H 1
| #define HAVE_SYS_STAT_H 1
| #define HAVE_STDLIB_H 1
| #define HAVE_STRING_H 1
| #define HAVE_MEMORY_H 1
| #define HAVE_STRINGS_H 1
| #define HAVE_INTTYPES_H 1
| #define HAVE_STDINT_H 1
| #define HAVE_UNISTD_H 1
| #define HAVE_ARPA_INET_H 1
| #define HAVE_FCNTL_H 1
| #define HAVE_LANGINFO_H 1
| #define HAVE_LIBINTL_H 1
| #define HAVE_LIMITS_H 1
| #define HAVE_LOCALE_H 1
| #define HAVE_MNTENT_H 1
| #define HAVE_NETDB_H 1
| #define HAVE_NETINET_IN_H 1
| #define HAVE_STDLIB_H 1
| #define HAVE_STRING_H 1
| #define HAVE_SYS_IOCTL_H 1
| #define HAVE_SYS_SOCKET_H 1
| #define HAVE_TERMIOS_H 1
| #define HAVE_UNISTD_H 1
| #define HAVE_STRUCT_STAT_ST_RDEV 1
| #define ENABLE_NLS 1
| #define HAVE_GETTEXT 1
| #define HAVE_DCGETTEXT 1
| #define HAVE_STRUCT_USER_REGS_STRUCT_ORIG_EAX 1
| #define HAVE_STRUCT_USER_REGS_STRUCT_EAX 1
| #define HAVE_STRUCT_USER_REGS_STRUCT_EBX 1
| #define HAVE_STRUCT_USER_REGS_STRUCT_ECX 1
| #define HAVE_STRUCT_USER_REGS_STRUCT_EDX 1
| /* end confdefs.h.  */
| #include <bits/types.h>
|      #include <sys/user.h>
| 
| int
| main ()
| {
| static struct user_regs_struct ac_aggr;
| if (ac_aggr.rsi)
| return 0;
|   ;
|   return 0;
| }
configure:6635: gcc -c -g -O2  conftest.c >&5
conftest.c: In function 'main':
conftest.c:55: error: 'struct user_regs_struct' has no member named 'rsi'
configure:6635: $? = 1
configure: failed program was:
| /* confdefs.h */
| #define PACKAGE_NAME "psmisc"
| #define PACKAGE_TARNAME "psmisc"
| #define PACKAGE_VERSION "22.14"
| #define PACKAGE_STRING "psmisc 22.14"
| #define PACKAGE_BUGREPORT ""
| #define PACKAGE_URL ""
| #define PACKAGE "psmisc"
| #define VERSION "22.14"
| #define WITH_IPV6 1
| #define HAVE_DIRENT_H 1
| #define STDC_HEADERS 1
| #define HAVE_SYS_WAIT_H 1
| #define HAVE_SYS_TYPES_H 1
| #define HAVE_SYS_STAT_H 1
| #define HAVE_STDLIB_H 1
| #define HAVE_STRING_H 1
| #define HAVE_MEMORY_H 1
| #define HAVE_STRINGS_H 1
| #define HAVE_INTTYPES_H 1
| #define HAVE_STDINT_H 1
| #define HAVE_UNISTD_H 1
| #define HAVE_ARPA_INET_H 1
| #define HAVE_FCNTL_H 1
| #define HAVE_LANGINFO_H 1
| #define HAVE_LIBINTL_H 1
| #define HAVE_LIMITS_H 1
| #define HAVE_LOCALE_H 1
| #define HAVE_MNTENT_H 1
| #define HAVE_NETDB_H 1
| #define HAVE_NETINET_IN_H 1
| #define HAVE_STDLIB_H 1
| #define HAVE_STRING_H 1
| #define HAVE_SYS_IOCTL_H 1
| #define HAVE_SYS_SOCKET_H 1
| #define HAVE_TERMIOS_H 1
| #define HAVE_UNISTD_H 1
| #define HAVE_STRUCT_STAT_ST_RDEV 1
| #define ENABLE_NLS 1
| #define HAVE_GETTEXT 1
| #define HAVE_DCGETTEXT 1
| #define HAVE_STRUCT_USER_REGS_STRUCT_ORIG_EAX 1
| #define HAVE_STRUCT_USER_REGS_STRUCT_EAX 1
| #define HAVE_STRUCT_USER_REGS_STRUCT_EBX 1
| #define HAVE_STRUCT_USER_REGS_STRUCT_ECX 1
| #define HAVE_STRUCT_USER_REGS_STRUCT_EDX 1
| /* end confdefs.h.  */
| #include <bits/types.h>
|      #include <sys/user.h>
| 
| int
| main ()
| {
| static struct user_regs_struct ac_aggr;
| if (sizeof ac_aggr.rsi)
| return 0;
|   ;
|   return 0;
| }
configure:6635: result: no
configure:6646: checking for struct user_regs_struct.rdx
configure:6646: gcc -c -g -O2  conftest.c >&5
conftest.c: In function 'main':
conftest.c:55: error: 'struct user_regs_struct' has no member named 'rdx'
configure:6646: $? = 1
configure: failed program was:
| /* confdefs.h */
| #define PACKAGE_NAME "psmisc"
| #define PACKAGE_TARNAME "psmisc"
| #define PACKAGE_VERSION "22.14"
| #define PACKAGE_STRING "psmisc 22.14"
| #define PACKAGE_BUGREPORT ""
| #define PACKAGE_URL ""
| #define PACKAGE "psmisc"
| #define VERSION "22.14"
| #define WITH_IPV6 1
| #define HAVE_DIRENT_H 1
| #define STDC_HEADERS 1
| #define HAVE_SYS_WAIT_H 1
| #define HAVE_SYS_TYPES_H 1
| #define HAVE_SYS_STAT_H 1
| #define HAVE_STDLIB_H 1
| #define HAVE_STRING_H 1
| #define HAVE_MEMORY_H 1
| #define HAVE_STRINGS_H 1
| #define HAVE_INTTYPES_H 1
| #define HAVE_STDINT_H 1
| #define HAVE_UNISTD_H 1
| #define HAVE_ARPA_INET_H 1
| #define HAVE_FCNTL_H 1
| #define HAVE_LANGINFO_H 1
| #define HAVE_LIBINTL_H 1
| #define HAVE_LIMITS_H 1
| #define HAVE_LOCALE_H 1
| #define HAVE_MNTENT_H 1
| #define HAVE_NETDB_H 1
| #define HAVE_NETINET_IN_H 1
| #define HAVE_STDLIB_H 1
| #define HAVE_STRING_H 1
| #define HAVE_SYS_IOCTL_H 1
| #define HAVE_SYS_SOCKET_H 1
| #define HAVE_TERMIOS_H 1
| #define HAVE_UNISTD_H 1
| #define HAVE_STRUCT_STAT_ST_RDEV 1
| #define ENABLE_NLS 1
| #define HAVE_GETTEXT 1
| #define HAVE_DCGETTEXT 1
| #define HAVE_STRUCT_USER_REGS_STRUCT_ORIG_EAX 1
| #define HAVE_STRUCT_USER_REGS_STRUCT_EAX 1
| #define HAVE_STRUCT_USER_REGS_STRUCT_EBX 1
| #define HAVE_STRUCT_USER_REGS_STRUCT_ECX 1
| #define HAVE_STRUCT_USER_REGS_STRUCT_EDX 1
| /* end confdefs.h.  */
| #include <bits/types.h>
|      #include <sys/user.h>
| 
| int
| main ()
| {
| static struct user_regs_struct ac_aggr;
| if (ac_aggr.rdx)
| return 0;
|   ;
|   return 0;
| }
configure:6646: gcc -c -g -O2  conftest.c >&5
conftest.c: In function 'main':
conftest.c:55: error: 'struct user_regs_struct' has no member named 'rdx'
configure:6646: $? = 1
configure: failed program was:
| /* confdefs.h */
| #define PACKAGE_NAME "psmisc"
| #define PACKAGE_TARNAME "psmisc"
| #define PACKAGE_VERSION "22.14"
| #define PACKAGE_STRING "psmisc 22.14"
| #define PACKAGE_BUGREPORT ""
| #define PACKAGE_URL ""
| #define PACKAGE "psmisc"
| #define VERSION "22.14"
| #define WITH_IPV6 1
| #define HAVE_DIRENT_H 1
| #define STDC_HEADERS 1
| #define HAVE_SYS_WAIT_H 1
| #define HAVE_SYS_TYPES_H 1
| #define HAVE_SYS_STAT_H 1
| #define HAVE_STDLIB_H 1
| #define HAVE_STRING_H 1
| #define HAVE_MEMORY_H 1
| #define HAVE_STRINGS_H 1
| #define HAVE_INTTYPES_H 1
| #define HAVE_STDINT_H 1
| #define HAVE_UNISTD_H 1
| #define HAVE_ARPA_INET_H 1
| #define HAVE_FCNTL_H 1
| #define HAVE_LANGINFO_H 1
| #define HAVE_LIBINTL_H 1
| #define HAVE_LIMITS_H 1
| #define HAVE_LOCALE_H 1
| #define HAVE_MNTENT_H 1
| #define HAVE_NETDB_H 1
| #define HAVE_NETINET_IN_H 1
| #define HAVE_STDLIB_H 1
| #define HAVE_STRING_H 1
| #define HAVE_SYS_IOCTL_H 1
| #define HAVE_SYS_SOCKET_H 1
| #define HAVE_TERMIOS_H 1
| #define HAVE_UNISTD_H 1
| #define HAVE_STRUCT_STAT_ST_RDEV 1
| #define ENABLE_NLS 1
| #define HAVE_GETTEXT 1
| #define HAVE_DCGETTEXT 1
| #define HAVE_STRUCT_USER_REGS_STRUCT_ORIG_EAX 1
| #define HAVE_STRUCT_USER_REGS_STRUCT_EAX 1
| #define HAVE_STRUCT_USER_REGS_STRUCT_EBX 1
| #define HAVE_STRUCT_USER_REGS_STRUCT_ECX 1
| #define HAVE_STRUCT_USER_REGS_STRUCT_EDX 1
| /* end confdefs.h.  */
| #include <bits/types.h>
|      #include <sys/user.h>
| 
| int
| main ()
| {
| static struct user_regs_struct ac_aggr;
| if (sizeof ac_aggr.rdx)
| return 0;
|   ;
|   return 0;
| }
configure:6646: result: no
configure:6658: checking for struct pt_regs.orig_gpr3
configure:6658: gcc -c -g -O2  conftest.c >&5
conftest.c: In function 'main':
conftest.c:54: error: 'struct pt_regs' has no member named 'orig_gpr3'
configure:6658: $? = 1
configure: failed program was:
| /* confdefs.h */
| #define PACKAGE_NAME "psmisc"
| #define PACKAGE_TARNAME "psmisc"
| #define PACKAGE_VERSION "22.14"
| #define PACKAGE_STRING "psmisc 22.14"
| #define PACKAGE_BUGREPORT ""
| #define PACKAGE_URL ""
| #define PACKAGE "psmisc"
| #define VERSION "22.14"
| #define WITH_IPV6 1
| #define HAVE_DIRENT_H 1
| #define STDC_HEADERS 1
| #define HAVE_SYS_WAIT_H 1
| #define HAVE_SYS_TYPES_H 1
| #define HAVE_SYS_STAT_H 1
| #define HAVE_STDLIB_H 1
| #define HAVE_STRING_H 1
| #define HAVE_MEMORY_H 1
| #define HAVE_STRINGS_H 1
| #define HAVE_INTTYPES_H 1
| #define HAVE_STDINT_H 1
| #define HAVE_UNISTD_H 1
| #define HAVE_ARPA_INET_H 1
| #define HAVE_FCNTL_H 1
| #define HAVE_LANGINFO_H 1
| #define HAVE_LIBINTL_H 1
| #define HAVE_LIMITS_H 1
| #define HAVE_LOCALE_H 1
| #define HAVE_MNTENT_H 1
| #define HAVE_NETDB_H 1
| #define HAVE_NETINET_IN_H 1
| #define HAVE_STDLIB_H 1
| #define HAVE_STRING_H 1
| #define HAVE_SYS_IOCTL_H 1
| #define HAVE_SYS_SOCKET_H 1
| #define HAVE_TERMIOS_H 1
| #define HAVE_UNISTD_H 1
| #define HAVE_STRUCT_STAT_ST_RDEV 1
| #define ENABLE_NLS 1
| #define HAVE_GETTEXT 1
| #define HAVE_DCGETTEXT 1
| #define HAVE_STRUCT_USER_REGS_STRUCT_ORIG_EAX 1
| #define HAVE_STRUCT_USER_REGS_STRUCT_EAX 1
| #define HAVE_STRUCT_USER_REGS_STRUCT_EBX 1
| #define HAVE_STRUCT_USER_REGS_STRUCT_ECX 1
| #define HAVE_STRUCT_USER_REGS_STRUCT_EDX 1
| /* end confdefs.h.  */
| #include <linux/ptrace.h>
| 
| int
| main ()
| {
| static struct pt_regs ac_aggr;
| if (ac_aggr.orig_gpr3)
| return 0;
|   ;
|   return 0;
| }
configure:6658: gcc -c -g -O2  conftest.c >&5
conftest.c: In function 'main':
conftest.c:54: error: 'struct pt_regs' has no member named 'orig_gpr3'
configure:6658: $? = 1
configure: failed program was:
| /* confdefs.h */
| #define PACKAGE_NAME "psmisc"
| #define PACKAGE_TARNAME "psmisc"
| #define PACKAGE_VERSION "22.14"
| #define PACKAGE_STRING "psmisc 22.14"
| #define PACKAGE_BUGREPORT ""
| #define PACKAGE_URL ""
| #define PACKAGE "psmisc"
| #define VERSION "22.14"
| #define WITH_IPV6 1
| #define HAVE_DIRENT_H 1
| #define STDC_HEADERS 1
| #define HAVE_SYS_WAIT_H 1
| #define HAVE_SYS_TYPES_H 1
| #define HAVE_SYS_STAT_H 1
| #define HAVE_STDLIB_H 1
| #define HAVE_STRING_H 1
| #define HAVE_MEMORY_H 1
| #define HAVE_STRINGS_H 1
| #define HAVE_INTTYPES_H 1
| #define HAVE_STDINT_H 1
| #define HAVE_UNISTD_H 1
| #define HAVE_ARPA_INET_H 1
| #define HAVE_FCNTL_H 1
| #define HAVE_LANGINFO_H 1
| #define HAVE_LIBINTL_H 1
| #define HAVE_LIMITS_H 1
| #define HAVE_LOCALE_H 1
| #define HAVE_MNTENT_H 1
| #define HAVE_NETDB_H 1
| #define HAVE_NETINET_IN_H 1
| #define HAVE_STDLIB_H 1
| #define HAVE_STRING_H 1
| #define HAVE_SYS_IOCTL_H 1
| #define HAVE_SYS_SOCKET_H 1
| #define HAVE_TERMIOS_H 1
| #define HAVE_UNISTD_H 1
| #define HAVE_STRUCT_STAT_ST_RDEV 1
| #define ENABLE_NLS 1
| #define HAVE_GETTEXT 1
| #define HAVE_DCGETTEXT 1
| #define HAVE_STRUCT_USER_REGS_STRUCT_ORIG_EAX 1
| #define HAVE_STRUCT_USER_REGS_STRUCT_EAX 1
| #define HAVE_STRUCT_USER_REGS_STRUCT_EBX 1
| #define HAVE_STRUCT_USER_REGS_STRUCT_ECX 1
| #define HAVE_STRUCT_USER_REGS_STRUCT_EDX 1
| /* end confdefs.h.  */
| #include <linux/ptrace.h>
| 
| int
| main ()
| {
| static struct pt_regs ac_aggr;
| if (sizeof ac_aggr.orig_gpr3)
| return 0;
|   ;
|   return 0;
| }
configure:6658: result: no
configure:6668: checking for struct pt_regs.gpr
configure:6668: gcc -c -g -O2  conftest.c >&5
conftest.c: In function 'main':
conftest.c:54: error: 'struct pt_regs' has no member named 'gpr'
configure:6668: $? = 1
configure: failed program was:
| /* confdefs.h */
| #define PACKAGE_NAME "psmisc"
| #define PACKAGE_TARNAME "psmisc"
| #define PACKAGE_VERSION "22.14"
| #define PACKAGE_STRING "psmisc 22.14"
| #define PACKAGE_BUGREPORT ""
| #define PACKAGE_URL ""
| #define PACKAGE "psmisc"
| #define VERSION "22.14"
| #define WITH_IPV6 1
| #define HAVE_DIRENT_H 1
| #define STDC_HEADERS 1
| #define HAVE_SYS_WAIT_H 1
| #define HAVE_SYS_TYPES_H 1
| #define HAVE_SYS_STAT_H 1
| #define HAVE_STDLIB_H 1
| #define HAVE_STRING_H 1
| #define HAVE_MEMORY_H 1
| #define HAVE_STRINGS_H 1
| #define HAVE_INTTYPES_H 1
| #define HAVE_STDINT_H 1
| #define HAVE_UNISTD_H 1
| #define HAVE_ARPA_INET_H 1
| #define HAVE_FCNTL_H 1
| #define HAVE_LANGINFO_H 1
| #define HAVE_LIBINTL_H 1
| #define HAVE_LIMITS_H 1
| #define HAVE_LOCALE_H 1
| #define HAVE_MNTENT_H 1
| #define HAVE_NETDB_H 1
| #define HAVE_NETINET_IN_H 1
| #define HAVE_STDLIB_H 1
| #define HAVE_STRING_H 1
| #define HAVE_SYS_IOCTL_H 1
| #define HAVE_SYS_SOCKET_H 1
| #define HAVE_TERMIOS_H 1
| #define HAVE_UNISTD_H 1
| #define HAVE_STRUCT_STAT_ST_RDEV 1
| #define ENABLE_NLS 1
| #define HAVE_GETTEXT 1
| #define HAVE_DCGETTEXT 1
| #define HAVE_STRUCT_USER_REGS_STRUCT_ORIG_EAX 1
| #define HAVE_STRUCT_USER_REGS_STRUCT_EAX 1
| #define HAVE_STRUCT_USER_REGS_STRUCT_EBX 1
| #define HAVE_STRUCT_USER_REGS_STRUCT_ECX 1
| #define HAVE_STRUCT_USER_REGS_STRUCT_EDX 1
| /* end confdefs.h.  */
| #include <linux/ptrace.h>
| 
| int
| main ()
| {
| static struct pt_regs ac_aggr;
| if (ac_aggr.gpr)
| return 0;
|   ;
|   return 0;
| }
configure:6668: gcc -c -g -O2  conftest.c >&5
conftest.c: In function 'main':
conftest.c:54: error: 'struct pt_regs' has no member named 'gpr'
configure:6668: $? = 1
configure: failed program was:
| /* confdefs.h */
| #define PACKAGE_NAME "psmisc"
| #define PACKAGE_TARNAME "psmisc"
| #define PACKAGE_VERSION "22.14"
| #define PACKAGE_STRING "psmisc 22.14"
| #define PACKAGE_BUGREPORT ""
| #define PACKAGE_URL ""
| #define PACKAGE "psmisc"
| #define VERSION "22.14"
| #define WITH_IPV6 1
| #define HAVE_DIRENT_H 1
| #define STDC_HEADERS 1
| #define HAVE_SYS_WAIT_H 1
| #define HAVE_SYS_TYPES_H 1
| #define HAVE_SYS_STAT_H 1
| #define HAVE_STDLIB_H 1
| #define HAVE_STRING_H 1
| #define HAVE_MEMORY_H 1
| #define HAVE_STRINGS_H 1
| #define HAVE_INTTYPES_H 1
| #define HAVE_STDINT_H 1
| #define HAVE_UNISTD_H 1
| #define HAVE_ARPA_INET_H 1
| #define HAVE_FCNTL_H 1
| #define HAVE_LANGINFO_H 1
| #define HAVE_LIBINTL_H 1
| #define HAVE_LIMITS_H 1
| #define HAVE_LOCALE_H 1
| #define HAVE_MNTENT_H 1
| #define HAVE_NETDB_H 1
| #define HAVE_NETINET_IN_H 1
| #define HAVE_STDLIB_H 1
| #define HAVE_STRING_H 1
| #define HAVE_SYS_IOCTL_H 1
| #define HAVE_SYS_SOCKET_H 1
| #define HAVE_TERMIOS_H 1
| #define HAVE_UNISTD_H 1
| #define HAVE_STRUCT_STAT_ST_RDEV 1
| #define ENABLE_NLS 1
| #define HAVE_GETTEXT 1
| #define HAVE_DCGETTEXT 1
| #define HAVE_STRUCT_USER_REGS_STRUCT_ORIG_EAX 1
| #define HAVE_STRUCT_USER_REGS_STRUCT_EAX 1
| #define HAVE_STRUCT_USER_REGS_STRUCT_EBX 1
| #define HAVE_STRUCT_USER_REGS_STRUCT_ECX 1
| #define HAVE_STRUCT_USER_REGS_STRUCT_EDX 1
| /* end confdefs.h.  */
| #include <linux/ptrace.h>
| 
| int
| main ()
| {
| static struct pt_regs ac_aggr;
| if (sizeof ac_aggr.gpr)
| return 0;
|   ;
|   return 0;
| }
configure:6668: result: no
configure:6679: checking for struct pt_regs.uregs
configure:6679: gcc -c -g -O2  conftest.c >&5
conftest.c: In function 'main':
conftest.c:54: error: 'struct pt_regs' has no member named 'uregs'
configure:6679: $? = 1
configure: failed program was:
| /* confdefs.h */
| #define PACKAGE_NAME "psmisc"
| #define PACKAGE_TARNAME "psmisc"
| #define PACKAGE_VERSION "22.14"
| #define PACKAGE_STRING "psmisc 22.14"
| #define PACKAGE_BUGREPORT ""
| #define PACKAGE_URL ""
| #define PACKAGE "psmisc"
| #define VERSION "22.14"
| #define WITH_IPV6 1
| #define HAVE_DIRENT_H 1
| #define STDC_HEADERS 1
| #define HAVE_SYS_WAIT_H 1
| #define HAVE_SYS_TYPES_H 1
| #define HAVE_SYS_STAT_H 1
| #define HAVE_STDLIB_H 1
| #define HAVE_STRING_H 1
| #define HAVE_MEMORY_H 1
| #define HAVE_STRINGS_H 1
| #define HAVE_INTTYPES_H 1
| #define HAVE_STDINT_H 1
| #define HAVE_UNISTD_H 1
| #define HAVE_ARPA_INET_H 1
| #define HAVE_FCNTL_H 1
| #define HAVE_LANGINFO_H 1
| #define HAVE_LIBINTL_H 1
| #define HAVE_LIMITS_H 1
| #define HAVE_LOCALE_H 1
| #define HAVE_MNTENT_H 1
| #define HAVE_NETDB_H 1
| #define HAVE_NETINET_IN_H 1
| #define HAVE_STDLIB_H 1
| #define HAVE_STRING_H 1
| #define HAVE_SYS_IOCTL_H 1
| #define HAVE_SYS_SOCKET_H 1
| #define HAVE_TERMIOS_H 1
| #define HAVE_UNISTD_H 1
| #define HAVE_STRUCT_STAT_ST_RDEV 1
| #define ENABLE_NLS 1
| #define HAVE_GETTEXT 1
| #define HAVE_DCGETTEXT 1
| #define HAVE_STRUCT_USER_REGS_STRUCT_ORIG_EAX 1
| #define HAVE_STRUCT_USER_REGS_STRUCT_EAX 1
| #define HAVE_STRUCT_USER_REGS_STRUCT_EBX 1
| #define HAVE_STRUCT_USER_REGS_STRUCT_ECX 1
| #define HAVE_STRUCT_USER_REGS_STRUCT_EDX 1
| /* end confdefs.h.  */
| #include <asm/ptrace.h>
| 
| int
| main ()
| {
| static struct pt_regs ac_aggr;
| if (ac_aggr.uregs)
| return 0;
|   ;
|   return 0;
| }
configure:6679: gcc -c -g -O2  conftest.c >&5
conftest.c: In function 'main':
conftest.c:54: error: 'struct pt_regs' has no member named 'uregs'
configure:6679: $? = 1
configure: failed program was:
| /* confdefs.h */
| #define PACKAGE_NAME "psmisc"
| #define PACKAGE_TARNAME "psmisc"
| #define PACKAGE_VERSION "22.14"
| #define PACKAGE_STRING "psmisc 22.14"
| #define PACKAGE_BUGREPORT ""
| #define PACKAGE_URL ""
| #define PACKAGE "psmisc"
| #define VERSION "22.14"
| #define WITH_IPV6 1
| #define HAVE_DIRENT_H 1
| #define STDC_HEADERS 1
| #define HAVE_SYS_WAIT_H 1
| #define HAVE_SYS_TYPES_H 1
| #define HAVE_SYS_STAT_H 1
| #define HAVE_STDLIB_H 1
| #define HAVE_STRING_H 1
| #define HAVE_MEMORY_H 1
| #define HAVE_STRINGS_H 1
| #define HAVE_INTTYPES_H 1
| #define HAVE_STDINT_H 1
| #define HAVE_UNISTD_H 1
| #define HAVE_ARPA_INET_H 1
| #define HAVE_FCNTL_H 1
| #define HAVE_LANGINFO_H 1
| #define HAVE_LIBINTL_H 1
| #define HAVE_LIMITS_H 1
| #define HAVE_LOCALE_H 1
| #define HAVE_MNTENT_H 1
| #define HAVE_NETDB_H 1
| #define HAVE_NETINET_IN_H 1
| #define HAVE_STDLIB_H 1
| #define HAVE_STRING_H 1
| #define HAVE_SYS_IOCTL_H 1
| #define HAVE_SYS_SOCKET_H 1
| #define HAVE_TERMIOS_H 1
| #define HAVE_UNISTD_H 1
| #define HAVE_STRUCT_STAT_ST_RDEV 1
| #define ENABLE_NLS 1
| #define HAVE_GETTEXT 1
| #define HAVE_DCGETTEXT 1
| #define HAVE_STRUCT_USER_REGS_STRUCT_ORIG_EAX 1
| #define HAVE_STRUCT_USER_REGS_STRUCT_EAX 1
| #define HAVE_STRUCT_USER_REGS_STRUCT_EBX 1
| #define HAVE_STRUCT_USER_REGS_STRUCT_ECX 1
| #define HAVE_STRUCT_USER_REGS_STRUCT_EDX 1
| /* end confdefs.h.  */
| #include <asm/ptrace.h>
| 
| int
| main ()
| {
| static struct pt_regs ac_aggr;
| if (sizeof ac_aggr.uregs)
| return 0;
|   ;
|   return 0;
| }
configure:6679: result: no
configure:6690: checking for struct pt_regs.regs
configure:6690: gcc -c -g -O2  conftest.c >&5
conftest.c: In function 'main':
conftest.c:54: error: 'struct pt_regs' has no member named 'regs'
configure:6690: $? = 1
configure: failed program was:
| /* confdefs.h */
| #define PACKAGE_NAME "psmisc"
| #define PACKAGE_TARNAME "psmisc"
| #define PACKAGE_VERSION "22.14"
| #define PACKAGE_STRING "psmisc 22.14"
| #define PACKAGE_BUGREPORT ""
| #define PACKAGE_URL ""
| #define PACKAGE "psmisc"
| #define VERSION "22.14"
| #define WITH_IPV6 1
| #define HAVE_DIRENT_H 1
| #define STDC_HEADERS 1
| #define HAVE_SYS_WAIT_H 1
| #define HAVE_SYS_TYPES_H 1
| #define HAVE_SYS_STAT_H 1
| #define HAVE_STDLIB_H 1
| #define HAVE_STRING_H 1
| #define HAVE_MEMORY_H 1
| #define HAVE_STRINGS_H 1
| #define HAVE_INTTYPES_H 1
| #define HAVE_STDINT_H 1
| #define HAVE_UNISTD_H 1
| #define HAVE_ARPA_INET_H 1
| #define HAVE_FCNTL_H 1
| #define HAVE_LANGINFO_H 1
| #define HAVE_LIBINTL_H 1
| #define HAVE_LIMITS_H 1
| #define HAVE_LOCALE_H 1
| #define HAVE_MNTENT_H 1
| #define HAVE_NETDB_H 1
| #define HAVE_NETINET_IN_H 1
| #define HAVE_STDLIB_H 1
| #define HAVE_STRING_H 1
| #define HAVE_SYS_IOCTL_H 1
| #define HAVE_SYS_SOCKET_H 1
| #define HAVE_TERMIOS_H 1
| #define HAVE_UNISTD_H 1
| #define HAVE_STRUCT_STAT_ST_RDEV 1
| #define ENABLE_NLS 1
| #define HAVE_GETTEXT 1
| #define HAVE_DCGETTEXT 1
| #define HAVE_STRUCT_USER_REGS_STRUCT_ORIG_EAX 1
| #define HAVE_STRUCT_USER_REGS_STRUCT_EAX 1
| #define HAVE_STRUCT_USER_REGS_STRUCT_EBX 1
| #define HAVE_STRUCT_USER_REGS_STRUCT_ECX 1
| #define HAVE_STRUCT_USER_REGS_STRUCT_EDX 1
| /* end confdefs.h.  */
| #include <asm/ptrace.h>
| 
| int
| main ()
| {
| static struct pt_regs ac_aggr;
| if (ac_aggr.regs)
| return 0;
|   ;
|   return 0;
| }
configure:6690: gcc -c -g -O2  conftest.c >&5
conftest.c: In function 'main':
conftest.c:54: error: 'struct pt_regs' has no member named 'regs'
configure:6690: $? = 1
configure: failed program was:
| /* confdefs.h */
| #define PACKAGE_NAME "psmisc"
| #define PACKAGE_TARNAME "psmisc"
| #define PACKAGE_VERSION "22.14"
| #define PACKAGE_STRING "psmisc 22.14"
| #define PACKAGE_BUGREPORT ""
| #define PACKAGE_URL ""
| #define PACKAGE "psmisc"
| #define VERSION "22.14"
| #define WITH_IPV6 1
| #define HAVE_DIRENT_H 1
| #define STDC_HEADERS 1
| #define HAVE_SYS_WAIT_H 1
| #define HAVE_SYS_TYPES_H 1
| #define HAVE_SYS_STAT_H 1
| #define HAVE_STDLIB_H 1
| #define HAVE_STRING_H 1
| #define HAVE_MEMORY_H 1
| #define HAVE_STRINGS_H 1
| #define HAVE_INTTYPES_H 1
| #define HAVE_STDINT_H 1
| #define HAVE_UNISTD_H 1
| #define HAVE_ARPA_INET_H 1
| #define HAVE_FCNTL_H 1
| #define HAVE_LANGINFO_H 1
| #define HAVE_LIBINTL_H 1
| #define HAVE_LIMITS_H 1
| #define HAVE_LOCALE_H 1
| #define HAVE_MNTENT_H 1
| #define HAVE_NETDB_H 1
| #define HAVE_NETINET_IN_H 1
| #define HAVE_STDLIB_H 1
| #define HAVE_STRING_H 1
| #define HAVE_SYS_IOCTL_H 1
| #define HAVE_SYS_SOCKET_H 1
| #define HAVE_TERMIOS_H 1
| #define HAVE_UNISTD_H 1
| #define HAVE_STRUCT_STAT_ST_RDEV 1
| #define ENABLE_NLS 1
| #define HAVE_GETTEXT 1
| #define HAVE_DCGETTEXT 1
| #define HAVE_STRUCT_USER_REGS_STRUCT_ORIG_EAX 1
| #define HAVE_STRUCT_USER_REGS_STRUCT_EAX 1
| #define HAVE_STRUCT_USER_REGS_STRUCT_EBX 1
| #define HAVE_STRUCT_USER_REGS_STRUCT_ECX 1
| #define HAVE_STRUCT_USER_REGS_STRUCT_EDX 1
| /* end confdefs.h.  */
| #include <asm/ptrace.h>
| 
| int
| main ()
| {
| static struct pt_regs ac_aggr;
| if (sizeof ac_aggr.regs)
| return 0;
|   ;
|   return 0;
| }
configure:6690: result: no
configure:6700: checking for struct pt_regs.cp0_status
configure:6700: gcc -c -g -O2  conftest.c >&5
conftest.c: In function 'main':
conftest.c:54: error: 'struct pt_regs' has no member named 'cp0_status'
configure:6700: $? = 1
configure: failed program was:
| /* confdefs.h */
| #define PACKAGE_NAME "psmisc"
| #define PACKAGE_TARNAME "psmisc"
| #define PACKAGE_VERSION "22.14"
| #define PACKAGE_STRING "psmisc 22.14"
| #define PACKAGE_BUGREPORT ""
| #define PACKAGE_URL ""
| #define PACKAGE "psmisc"
| #define VERSION "22.14"
| #define WITH_IPV6 1
| #define HAVE_DIRENT_H 1
| #define STDC_HEADERS 1
| #define HAVE_SYS_WAIT_H 1
| #define HAVE_SYS_TYPES_H 1
| #define HAVE_SYS_STAT_H 1
| #define HAVE_STDLIB_H 1
| #define HAVE_STRING_H 1
| #define HAVE_MEMORY_H 1
| #define HAVE_STRINGS_H 1
| #define HAVE_INTTYPES_H 1
| #define HAVE_STDINT_H 1
| #define HAVE_UNISTD_H 1
| #define HAVE_ARPA_INET_H 1
| #define HAVE_FCNTL_H 1
| #define HAVE_LANGINFO_H 1
| #define HAVE_LIBINTL_H 1
| #define HAVE_LIMITS_H 1
| #define HAVE_LOCALE_H 1
| #define HAVE_MNTENT_H 1
| #define HAVE_NETDB_H 1
| #define HAVE_NETINET_IN_H 1
| #define HAVE_STDLIB_H 1
| #define HAVE_STRING_H 1
| #define HAVE_SYS_IOCTL_H 1
| #define HAVE_SYS_SOCKET_H 1
| #define HAVE_TERMIOS_H 1
| #define HAVE_UNISTD_H 1
| #define HAVE_STRUCT_STAT_ST_RDEV 1
| #define ENABLE_NLS 1
| #define HAVE_GETTEXT 1
| #define HAVE_DCGETTEXT 1
| #define HAVE_STRUCT_USER_REGS_STRUCT_ORIG_EAX 1
| #define HAVE_STRUCT_USER_REGS_STRUCT_EAX 1
| #define HAVE_STRUCT_USER_REGS_STRUCT_EBX 1
| #define HAVE_STRUCT_USER_REGS_STRUCT_ECX 1
| #define HAVE_STRUCT_USER_REGS_STRUCT_EDX 1
| /* end confdefs.h.  */
| #include <asm/ptrace.h>
| 
| int
| main ()
| {
| static struct pt_regs ac_aggr;
| if (ac_aggr.cp0_status)
| return 0;
|   ;
|   return 0;
| }
configure:6700: gcc -c -g -O2  conftest.c >&5
conftest.c: In function 'main':
conftest.c:54: error: 'struct pt_regs' has no member named 'cp0_status'
configure:6700: $? = 1
configure: failed program was:
| /* confdefs.h */
| #define PACKAGE_NAME "psmisc"
| #define PACKAGE_TARNAME "psmisc"
| #define PACKAGE_VERSION "22.14"
| #define PACKAGE_STRING "psmisc 22.14"
| #define PACKAGE_BUGREPORT ""
| #define PACKAGE_URL ""
| #define PACKAGE "psmisc"
| #define VERSION "22.14"
| #define WITH_IPV6 1
| #define HAVE_DIRENT_H 1
| #define STDC_HEADERS 1
| #define HAVE_SYS_WAIT_H 1
| #define HAVE_SYS_TYPES_H 1
| #define HAVE_SYS_STAT_H 1
| #define HAVE_STDLIB_H 1
| #define HAVE_STRING_H 1
| #define HAVE_MEMORY_H 1
| #define HAVE_STRINGS_H 1
| #define HAVE_INTTYPES_H 1
| #define HAVE_STDINT_H 1
| #define HAVE_UNISTD_H 1
| #define HAVE_ARPA_INET_H 1
| #define HAVE_FCNTL_H 1
| #define HAVE_LANGINFO_H 1
| #define HAVE_LIBINTL_H 1
| #define HAVE_LIMITS_H 1
| #define HAVE_LOCALE_H 1
| #define HAVE_MNTENT_H 1
| #define HAVE_NETDB_H 1
| #define HAVE_NETINET_IN_H 1
| #define HAVE_STDLIB_H 1
| #define HAVE_STRING_H 1
| #define HAVE_SYS_IOCTL_H 1
| #define HAVE_SYS_SOCKET_H 1
| #define HAVE_TERMIOS_H 1
| #define HAVE_UNISTD_H 1
| #define HAVE_STRUCT_STAT_ST_RDEV 1
| #define ENABLE_NLS 1
| #define HAVE_GETTEXT 1
| #define HAVE_DCGETTEXT 1
| #define HAVE_STRUCT_USER_REGS_STRUCT_ORIG_EAX 1
| #define HAVE_STRUCT_USER_REGS_STRUCT_EAX 1
| #define HAVE_STRUCT_USER_REGS_STRUCT_EBX 1
| #define HAVE_STRUCT_USER_REGS_STRUCT_ECX 1
| #define HAVE_STRUCT_USER_REGS_STRUCT_EDX 1
| /* end confdefs.h.  */
| #include <asm/ptrace.h>
| 
| int
| main ()
| {
| static struct pt_regs ac_aggr;
| if (sizeof ac_aggr.cp0_status)
| return 0;
|   ;
|   return 0;
| }
configure:6700: result: no
configure:6764: checking whether closedir returns void
configure:6788: gcc -o conftest -g -O2   conftest.c  >&5
configure:6788: $? = 0
configure:6788: ./conftest
configure:6788: $? = 0
configure:6798: result: no
configure:6808: checking for library containing getmntent
configure:6839: gcc -o conftest -g -O2   conftest.c  >&5
configure:6839: $? = 0
configure:6856: result: none required
configure:6871: checking whether gcc needs -traditional
configure:6905: result: no
configure:6912: checking whether lstat correctly handles trailing slash
configure:6938: gcc -o conftest -g -O2   conftest.c  >&5
configure:6938: $? = 0
configure:6938: ./conftest
configure:6938: $? = 0
configure:6955: result: yes
configure:6974: checking whether lstat accepts an empty string
configure:6994: gcc -o conftest -g -O2   conftest.c  >&5
configure:6994: $? = 0
configure:6994: ./conftest
configure:6994: $? = 0
configure:7004: result: no
configure:7020: checking whether lstat correctly handles trailing slash
configure:7063: result: yes
configure:7084: checking for stdlib.h
configure:7084: result: yes
configure:7094: checking for GNU libc compatible malloc
configure:7118: gcc -o conftest -g -O2   conftest.c  >&5
configure:7118: $? = 0
configure:7118: ./conftest
configure:7118: $? = 0
configure:7128: result: yes
configure:7149: checking for working memcmp
configure:7192: gcc -o conftest -g -O2   conftest.c  >&5
configure:7192: $? = 0
configure:7192: ./conftest
configure:7192: $? = 0
configure:7202: result: yes
configure:7213: checking for stdlib.h
configure:7213: result: yes
configure:7223: checking for GNU libc compatible realloc
configure:7247: gcc -o conftest -g -O2   conftest.c  >&5
configure:7247: $? = 0
configure:7247: ./conftest
configure:7247: $? = 0
configure:7257: result: yes
configure:7278: checking whether stat accepts an empty string
configure:7298: gcc -o conftest -g -O2   conftest.c  >&5
configure:7298: $? = 0
configure:7298: ./conftest
configure:7298: $? = 0
configure:7308: result: no
configure:7327: checking for atexit
configure:7327: gcc -o conftest -g -O2   conftest.c  >&5
configure:7327: $? = 0
configure:7327: result: yes
configure:7327: checking for getmntent
configure:7327: result: yes
configure:7327: checking for memset
configure:7327: gcc -o conftest -g -O2   conftest.c  >&5
conftest.c:80: warning: conflicting types for built-in function 'memset'
configure:7327: $? = 0
configure:7327: result: yes
configure:7327: checking for nl_langinfo
configure:7327: gcc -o conftest -g -O2   conftest.c  >&5
configure:7327: $? = 0
configure:7327: result: yes
configure:7327: checking for regcomp
configure:7327: gcc -o conftest -g -O2   conftest.c  >&5
configure:7327: $? = 0
configure:7327: result: yes
configure:7327: checking for rpmatch
configure:7327: gcc -o conftest -g -O2   conftest.c  >&5
configure:7327: $? = 0
configure:7327: result: yes
configure:7327: checking for setlocale
configure:7327: gcc -o conftest -g -O2   conftest.c  >&5
configure:7327: $? = 0
configure:7327: result: yes
configure:7327: checking for socket
configure:7327: gcc -o conftest -g -O2   conftest.c  >&5
configure:7327: $? = 0
configure:7327: result: yes
configure:7327: checking for strcasecmp
configure:7327: gcc -o conftest -g -O2   conftest.c  >&5
conftest.c:86: warning: conflicting types for built-in function 'strcasecmp'
configure:7327: $? = 0
configure:7327: result: yes
configure:7327: checking for strchr
configure:7327: gcc -o conftest -g -O2   conftest.c  >&5
conftest.c:87: warning: conflicting types for built-in function 'strchr'
configure:7327: $? = 0
configure:7327: result: yes
configure:7327: checking for strdup
configure:7327: gcc -o conftest -g -O2   conftest.c  >&5
conftest.c:88: warning: conflicting types for built-in function 'strdup'
configure:7327: $? = 0
configure:7327: result: yes
configure:7327: checking for strerror
configure:7327: gcc -o conftest -g -O2   conftest.c  >&5
configure:7327: $? = 0
configure:7327: result: yes
configure:7327: checking for strpbrk
configure:7327: gcc -o conftest -g -O2   conftest.c  >&5
conftest.c:90: warning: conflicting types for built-in function 'strpbrk'
configure:7327: $? = 0
configure:7327: result: yes
configure:7327: checking for strrchr
configure:7327: gcc -o conftest -g -O2   conftest.c  >&5
conftest.c:91: warning: conflicting types for built-in function 'strrchr'
configure:7327: $? = 0
configure:7327: result: yes
configure:7327: checking for strtoul
configure:7327: gcc -o conftest -g -O2   conftest.c  >&5
configure:7327: $? = 0
configure:7327: result: yes
configure:7345: checking for special C compiler options needed for large files
configure:7390: result: no
configure:7396: checking for _FILE_OFFSET_BITS value needed for large files
configure:7421: gcc -c -g -O2  conftest.c >&5
conftest.c:76: warning: left shift count >= width of type
conftest.c:76: warning: left shift count >= width of type
conftest.c:78: error: size of array 'off_t_is_large' is negative
configure:7421: $? = 1
configure: failed program was:
| /* confdefs.h */
| #define PACKAGE_NAME "psmisc"
| #define PACKAGE_TARNAME "psmisc"
| #define PACKAGE_VERSION "22.14"
| #define PACKAGE_STRING "psmisc 22.14"
| #define PACKAGE_BUGREPORT ""
| #define PACKAGE_URL ""
| #define PACKAGE "psmisc"
| #define VERSION "22.14"
| #define WITH_IPV6 1
| #define HAVE_DIRENT_H 1
| #define STDC_HEADERS 1
| #define HAVE_SYS_WAIT_H 1
| #define HAVE_SYS_TYPES_H 1
| #define HAVE_SYS_STAT_H 1
| #define HAVE_STDLIB_H 1
| #define HAVE_STRING_H 1
| #define HAVE_MEMORY_H 1
| #define HAVE_STRINGS_H 1
| #define HAVE_INTTYPES_H 1
| #define HAVE_STDINT_H 1
| #define HAVE_UNISTD_H 1
| #define HAVE_ARPA_INET_H 1
| #define HAVE_FCNTL_H 1
| #define HAVE_LANGINFO_H 1
| #define HAVE_LIBINTL_H 1
| #define HAVE_LIMITS_H 1
| #define HAVE_LOCALE_H 1
| #define HAVE_MNTENT_H 1
| #define HAVE_NETDB_H 1
| #define HAVE_NETINET_IN_H 1
| #define HAVE_STDLIB_H 1
| #define HAVE_STRING_H 1
| #define HAVE_SYS_IOCTL_H 1
| #define HAVE_SYS_SOCKET_H 1
| #define HAVE_TERMIOS_H 1
| #define HAVE_UNISTD_H 1
| #define HAVE_STRUCT_STAT_ST_RDEV 1
| #define ENABLE_NLS 1
| #define HAVE_GETTEXT 1
| #define HAVE_DCGETTEXT 1
| #define HAVE_STRUCT_USER_REGS_STRUCT_ORIG_EAX 1
| #define HAVE_STRUCT_USER_REGS_STRUCT_EAX 1
| #define HAVE_STRUCT_USER_REGS_STRUCT_EBX 1
| #define HAVE_STRUCT_USER_REGS_STRUCT_ECX 1
| #define HAVE_STRUCT_USER_REGS_STRUCT_EDX 1
| #define HAVE_GETMNTENT 1
| #define LSTAT_FOLLOWS_SLASHED_SYMLINK 1
| #define LSTAT_FOLLOWS_SLASHED_SYMLINK 1
| #define HAVE_STDLIB_H 1
| #define HAVE_MALLOC 1
| #define HAVE_STDLIB_H 1
| #define HAVE_REALLOC 1
| #define HAVE_ATEXIT 1
| #define HAVE_GETMNTENT 1
| #define HAVE_MEMSET 1
| #define HAVE_NL_LANGINFO 1
| #define HAVE_REGCOMP 1
| #define HAVE_RPMATCH 1
| #define HAVE_SETLOCALE 1
| #define HAVE_SOCKET 1
| #define HAVE_STRCASECMP 1
| #define HAVE_STRCHR 1
| #define HAVE_STRDUP 1
| #define HAVE_STRERROR 1
| #define HAVE_STRPBRK 1
| #define HAVE_STRRCHR 1
| #define HAVE_STRTOUL 1
| /* end confdefs.h.  */
| #include <sys/types.h>
|  /* Check that off_t can represent 2**63 - 1 correctly.
|     We can't simply define LARGE_OFF_T to be 9223372036854775807,
|     since some C++ compilers masquerading as C compilers
|     incorrectly reject 9223372036854775807.  */
| #define LARGE_OFF_T (((off_t) 1 << 62) - 1 + ((off_t) 1 << 62))
|   int off_t_is_large[(LARGE_OFF_T % 2147483629 == 721
| 		       && LARGE_OFF_T % 2147483647 == 1)
| 		      ? 1 : -1];
| int
| main ()
| {
| 
|   ;
|   return 0;
| }
configure:7445: gcc -c -g -O2  conftest.c >&5
configure:7445: $? = 0
configure:7453: result: 64
configure:7677: creating ./config.status

## ---------------------- ##
## Running config.status. ##
## ---------------------- ##

This file was extended by psmisc config.status 22.14, which was
generated by GNU Autoconf 2.65.  Invocation command line was

  CONFIG_FILES    = 
  CONFIG_HEADERS  = 
  CONFIG_LINKS    = 
  CONFIG_COMMANDS = 
  $ ./config.status 

on localhost.localdomain

config.status:950: creating Makefile
config.status:950: creating doc/Makefile
config.status:950: creating src/Makefile
config.status:950: creating icons/Makefile
config.status:950: creating po/Makefile.in
config.status:950: creating config.h
config.status:1122: config.h is unchanged
config.status:1170: executing depfiles commands
config.status:1170: executing po-directories commands

## ---------------- ##
## Cache variables. ##
## ---------------- ##

ac_cv_build=i686-pc-linux-gnu
ac_cv_c_compiler_gnu=yes
ac_cv_c_const=yes
ac_cv_env_CC_set=
ac_cv_env_CC_value=
ac_cv_env_CFLAGS_set=
ac_cv_env_CFLAGS_value=
ac_cv_env_CPPFLAGS_set=
ac_cv_env_CPPFLAGS_value=
ac_cv_env_CPP_set=
ac_cv_env_CPP_value=
ac_cv_env_LDFLAGS_set=
ac_cv_env_LDFLAGS_value=
ac_cv_env_LIBS_set=
ac_cv_env_LIBS_value=
ac_cv_env_build_alias_set=
ac_cv_env_build_alias_value=
ac_cv_env_host_alias_set=
ac_cv_env_host_alias_value=
ac_cv_env_target_alias_set=
ac_cv_env_target_alias_value=
ac_cv_func_atexit=yes
ac_cv_func_closedir_void=no
ac_cv_func_getmntent=yes
ac_cv_func_lstat_dereferences_slashed_symlink=yes
ac_cv_func_lstat_empty_string_bug=no
ac_cv_func_malloc_0_nonnull=yes
ac_cv_func_memcmp_working=yes
ac_cv_func_memset=yes
ac_cv_func_nl_langinfo=yes
ac_cv_func_realloc_0_nonnull=yes
ac_cv_func_regcomp=yes
ac_cv_func_rpmatch=yes
ac_cv_func_setlocale=yes
ac_cv_func_socket=yes
ac_cv_func_stat_empty_string_bug=no
ac_cv_func_strcasecmp=yes
ac_cv_func_strchr=yes
ac_cv_func_strdup=yes
ac_cv_func_strerror=yes
ac_cv_func_strpbrk=yes
ac_cv_func_strrchr=yes
ac_cv_func_strtoul=yes
ac_cv_header_arpa_inet_h=yes
ac_cv_header_dirent_dirent_h=yes
ac_cv_header_fcntl_h=yes
ac_cv_header_inttypes_h=yes
ac_cv_header_langinfo_h=yes
ac_cv_header_libintl_h=yes
ac_cv_header_limits_h=yes
ac_cv_header_locale_h=yes
ac_cv_header_memory_h=yes
ac_cv_header_mntent_h=yes
ac_cv_header_netdb_h=yes
ac_cv_header_netinet_in_h=yes
ac_cv_header_stdc=yes
ac_cv_header_stdint_h=yes
ac_cv_header_stdlib_h=yes
ac_cv_header_string_h=yes
ac_cv_header_strings_h=yes
ac_cv_header_sys_ioctl_h=yes
ac_cv_header_sys_socket_h=yes
ac_cv_header_sys_stat_h=yes
ac_cv_header_sys_types_h=yes
ac_cv_header_sys_wait_h=yes
ac_cv_header_termios_h=yes
ac_cv_header_unistd_h=yes
ac_cv_host=i686-pc-linux-gnu
ac_cv_lib_ncurses_tgetent=yes
ac_cv_lib_tinfo_tgetent=no
ac_cv_member_struct_pt_regs_cp0_status=no
ac_cv_member_struct_pt_regs_gpr=no
ac_cv_member_struct_pt_regs_orig_gpr3=no
ac_cv_member_struct_pt_regs_regs=no
ac_cv_member_struct_pt_regs_uregs=no
ac_cv_member_struct_stat_st_rdev=yes
ac_cv_member_struct_user_regs_struct_eax=yes
ac_cv_member_struct_user_regs_struct_ebx=yes
ac_cv_member_struct_user_regs_struct_ecx=yes
ac_cv_member_struct_user_regs_struct_edx=yes
ac_cv_member_struct_user_regs_struct_orig_eax=yes
ac_cv_member_struct_user_regs_struct_orig_rax=no
ac_cv_member_struct_user_regs_struct_rax=no
ac_cv_member_struct_user_regs_struct_rdi=no
ac_cv_member_struct_user_regs_struct_rdx=no
ac_cv_member_struct_user_regs_struct_rsi=no
ac_cv_objext=o
ac_cv_path_EGREP='/bin/grep -E'
ac_cv_path_GMSGFMT=/usr/bin/msgfmt
ac_cv_path_GREP=/bin/grep
ac_cv_path_MSGFMT=/usr/bin/msgfmt
ac_cv_path_MSGMERGE=/usr/bin/msgmerge
ac_cv_path_XGETTEXT=/usr/bin/xgettext
ac_cv_path_install='/usr/bin/install -c'
ac_cv_path_mkdir=/bin/mkdir
ac_cv_prog_AWK=gawk
ac_cv_prog_CPP='gcc -E'
ac_cv_prog_ac_ct_CC=gcc
ac_cv_prog_cc_c89=
ac_cv_prog_cc_g=yes
ac_cv_prog_gcc_traditional=no
ac_cv_prog_make_make_set=yes
ac_cv_search_getmntent='none required'
ac_cv_search_opendir='none required'
ac_cv_sys_file_offset_bits=64
ac_cv_sys_largefile_CC=no
ac_cv_type_pid_t=yes
ac_cv_type_size_t=yes
ac_cv_type_uid_t=yes
acl_cv_hardcode_direct=no
acl_cv_hardcode_libdir_flag_spec='${wl}-rpath ${wl}$libdir'
acl_cv_hardcode_libdir_separator=
acl_cv_hardcode_minus_L=no
acl_cv_libext=a
acl_cv_path_LD=/usr/bin/ld
acl_cv_prog_gnu_ld=yes
acl_cv_rpath=done
acl_cv_shlibext=so
acl_cv_wl=-Wl,
am_cv_CC_dependencies_compiler_type=gcc3
gt_cv_func_CFLocaleCopyCurrent=no
gt_cv_func_CFPreferencesCopyAppValue=no
gt_cv_func_gnugettext1_libc=yes

## ----------------- ##
## Output variables. ##
## ----------------- ##

ACLOCAL='${SHELL} /data/new/rk_ok/psmisc-22.14/config/missing --run aclocal-1.11'
AMDEPBACKSLASH='\'
AMDEP_FALSE='#'
AMDEP_TRUE=''
AMTAR='${SHELL} /data/new/rk_ok/psmisc-22.14/config/missing --run tar'
AUTOCONF='${SHELL} /data/new/rk_ok/psmisc-22.14/config/missing --run autoconf'
AUTOHEADER='${SHELL} /data/new/rk_ok/psmisc-22.14/config/missing --run autoheader'
AUTOMAKE='${SHELL} /data/new/rk_ok/psmisc-22.14/config/missing --run automake-1.11'
AWK='gawk'
CC='gcc'
CCDEPMODE='depmode=gcc3'
CFLAGS='-g -O2'
CPP='gcc -E'
CPPFLAGS=''
CYGPATH_W='echo'
DEFS='-DHAVE_CONFIG_H'
DEPDIR='.deps'
ECHO_C=''
ECHO_N='-n'
ECHO_T=''
EGREP='/bin/grep -E'
EXEEXT=''
GMSGFMT='/usr/bin/msgfmt'
GMSGFMT_015='/usr/bin/msgfmt'
GREP='/bin/grep'
INSTALL_DATA='${INSTALL} -m 644'
INSTALL_PROGRAM='${INSTALL}'
INSTALL_SCRIPT='${INSTALL}'
INSTALL_STRIP_PROGRAM='$(install_sh) -c -s'
INTLLIBS=''
INTL_MACOSX_LIBS=''
LDFLAGS=''
LIBICONV='-liconv'
LIBINTL=''
LIBOBJS=''
LIBS=''
LN_S='ln -s'
LTLIBICONV='-liconv'
LTLIBINTL=''
LTLIBOBJS=''
MAKEINFO='${SHELL} /data/new/rk_ok/psmisc-22.14/config/missing --run makeinfo'
MKDIR_P='/bin/mkdir -p'
MSGFMT='/usr/bin/msgfmt'
MSGFMT_015='/usr/bin/msgfmt'
MSGMERGE='/usr/bin/msgmerge'
OBJEXT='o'
PACKAGE='psmisc'
PACKAGE_BUGREPORT=''
PACKAGE_NAME='psmisc'
PACKAGE_STRING='psmisc 22.14'
PACKAGE_TARNAME='psmisc'
PACKAGE_URL=''
PACKAGE_VERSION='22.14'
PATH_SEPARATOR=':'
POSUB='po'
SELINUX_LIB=''
SET_MAKE=''
SHELL='/bin/sh'
STRIP=''
TERMCAP_LIB='-lncurses'
USE_NLS='yes'
VERSION='22.14'
WANT_PEEKFD_ARM_FALSE=''
WANT_PEEKFD_ARM_TRUE='#'
WANT_PEEKFD_I386_FALSE='#'
WANT_PEEKFD_I386_TRUE=''
WANT_PEEKFD_MIPS_FALSE=''
WANT_PEEKFD_MIPS_TRUE='#'
WANT_PEEKFD_PPC_FALSE=''
WANT_PEEKFD_PPC_TRUE='#'
WANT_PEEKFD_X86_64_FALSE=''
WANT_PEEKFD_X86_64_TRUE='#'
WITH_IPV6=''
WITH_SELINUX=''
XGETTEXT='/usr/bin/xgettext'
XGETTEXT_015='/usr/bin/xgettext'
ac_ct_CC='gcc'
am__EXEEXT_FALSE=''
am__EXEEXT_TRUE='#'
am__fastdepCC_FALSE='#'
am__fastdepCC_TRUE=''
am__include='include'
am__isrc=''
am__leading_dot='.'
am__quote=''
am__tar='${AMTAR} chof - "$$tardir"'
am__untar='${AMTAR} xf -'
bindir='${exec_prefix}/bin'
build='i686-pc-linux-gnu'
build_alias=''
build_cpu='i686'
build_os='linux-gnu'
build_vendor='pc'
datadir='${datarootdir}'
datarootdir='${prefix}/share'
docdir='${datarootdir}/doc/${PACKAGE_TARNAME}'
dvidir='${docdir}'
exec_prefix='${prefix}'
host='i686-pc-linux-gnu'
host_alias=''
host_cpu='i686'
host_os='linux-gnu'
host_vendor='pc'
htmldir='${docdir}'
includedir='${prefix}/include'
infodir='${datarootdir}/info'
install_sh='${SHELL} /data/new/rk_ok/psmisc-22.14/config/install-sh'
libdir='${exec_prefix}/lib'
libexecdir='${exec_prefix}/libexec'
localedir='${datarootdir}/locale'
localstatedir='${prefix}/var'
mandir='${datarootdir}/man'
mkdir_p='/bin/mkdir -p'
oldincludedir='/usr/include'
pdfdir='${docdir}'
prefix='/data/new/rk_ok/install'
program_transform_name='s,x,x,'
psdir='${docdir}'
sbindir='${exec_prefix}/sbin'
sharedstatedir='${prefix}/com'
sysconfdir='${prefix}/etc'
target_alias=''

## ----------- ##
## confdefs.h. ##
## ----------- ##

/* confdefs.h */
#define PACKAGE_NAME "psmisc"
#define PACKAGE_TARNAME "psmisc"
#define PACKAGE_VERSION "22.14"
#define PACKAGE_STRING "psmisc 22.14"
#define PACKAGE_BUGREPORT ""
#define PACKAGE_URL ""
#define PACKAGE "psmisc"
#define VERSION "22.14"
#define WITH_IPV6 1
#define HAVE_DIRENT_H 1
#define STDC_HEADERS 1
#define HAVE_SYS_WAIT_H 1
#define HAVE_SYS_TYPES_H 1
#define HAVE_SYS_STAT_H 1
#define HAVE_STDLIB_H 1
#define HAVE_STRING_H 1
#define HAVE_MEMORY_H 1
#define HAVE_STRINGS_H 1
#define HAVE_INTTYPES_H 1
#define HAVE_STDINT_H 1
#define HAVE_UNISTD_H 1
#define HAVE_ARPA_INET_H 1
#define HAVE_FCNTL_H 1
#define HAVE_LANGINFO_H 1
#define HAVE_LIBINTL_H 1
#define HAVE_LIMITS_H 1
#define HAVE_LOCALE_H 1
#define HAVE_MNTENT_H 1
#define HAVE_NETDB_H 1
#define HAVE_NETINET_IN_H 1
#define HAVE_STDLIB_H 1
#define HAVE_STRING_H 1
#define HAVE_SYS_IOCTL_H 1
#define HAVE_SYS_SOCKET_H 1
#define HAVE_TERMIOS_H 1
#define HAVE_UNISTD_H 1
#define HAVE_STRUCT_STAT_ST_RDEV 1
#define ENABLE_NLS 1
#define HAVE_GETTEXT 1
#define HAVE_DCGETTEXT 1
#define HAVE_STRUCT_USER_REGS_STRUCT_ORIG_EAX 1
#define HAVE_STRUCT_USER_REGS_STRUCT_EAX 1
#define HAVE_STRUCT_USER_REGS_STRUCT_EBX 1
#define HAVE_STRUCT_USER_REGS_STRUCT_ECX 1
#define HAVE_STRUCT_USER_REGS_STRUCT_EDX 1
#define HAVE_GETMNTENT 1
#define LSTAT_FOLLOWS_SLASHED_SYMLINK 1
#define LSTAT_FOLLOWS_SLASHED_SYMLINK 1
#define HAVE_STDLIB_H 1
#define HAVE_MALLOC 1
#define HAVE_STDLIB_H 1
#define HAVE_REALLOC 1
#define HAVE_ATEXIT 1
#define HAVE_GETMNTENT 1
#define HAVE_MEMSET 1
#define HAVE_NL_LANGINFO 1
#define HAVE_REGCOMP 1
#define HAVE_RPMATCH 1
#define HAVE_SETLOCALE 1
#define HAVE_SOCKET 1
#define HAVE_STRCASECMP 1
#define HAVE_STRCHR 1
#define HAVE_STRDUP 1
#define HAVE_STRERROR 1
#define HAVE_STRPBRK 1
#define HAVE_STRRCHR 1
#define HAVE_STRTOUL 1
#define _FILE_OFFSET_BITS 64

configure: exit 0
